ERROR StackTrace - Full Stack Trace:
org.grails.gsp.GroovyPagesException: Error evaluating expression [applicationContext.getBean('pluginManager').allPlugins] on line [101]: org.springframework.boot.context.embedded.AnnotationConfigEmbeddedWebApplicationContext@452eb53d has been closed already
	at org.grails.gsp.GroovyPage.evaluate(GroovyPage.java:240) ~[grails-gsp-3.0.1.jar:3.0.1]
	at sun.reflect.GeneratedMethodAccessor101.invoke(Unknown Source) ~[na:na]
	at sun.reflect.DelegatingMethodAccessorImpl.invoke(DelegatingMethodAccessorImpl.java:43) ~[na:1.7.0_75]
	at java.lang.reflect.Method.invoke(Method.java:606) ~[na:1.7.0_75]
	at org.springsource.loaded.ri.ReflectiveInterceptor.jlrMethodInvoke(ReflectiveInterceptor.java:1270) ~[springloaded-1.2.3.RELEASE.jar:1.2.3.RELEASE]
	at org.codehaus.groovy.reflection.CachedMethod.invoke(CachedMethod.java:90) ~[groovy-2.4.3.jar:2.4.3]
	at groovy.lang.MetaMethod.doMethodInvoke(MetaMethod.java:324) ~[groovy-2.4.3.jar:2.4.3]
	at org.codehaus.groovy.runtime.metaclass.ClosureMetaClass.invokeMethod(ClosureMetaClass.java:382) ~[groovy-2.4.3.jar:2.4.3]
	at groovy.lang.MetaClassImpl.invokeMethod(MetaClassImpl.java:1016) ~[groovy-2.4.3.jar:2.4.3]
	at org.codehaus.groovy.runtime.callsite.PogoMetaClassSite.callCurrent(PogoMetaClassSite.java:66) ~[groovy-2.4.3.jar:2.4.3]
	at org.codehaus.groovy.runtime.callsite.AbstractCallSite.callCurrent(AbstractCallSite.java:187) ~[groovy-2.4.3.jar:2.4.3]
	at home_vagrant_DashBoard_DashBoard_grails_app_views_index_gsp$_run_closure2.doCall(home_vagrant_DashBoard_DashBoard_grails_app_views_index_gsp:54) ~[na:na]
	at sun.reflect.NativeMethodAccessorImpl.invoke0(Native Method) ~[na:1.7.0_75]
	at sun.reflect.NativeMethodAccessorImpl.invoke(NativeMethodAccessorImpl.java:57) ~[na:1.7.0_75]
	at sun.reflect.DelegatingMethodAccessorImpl.invoke(DelegatingMethodAccessorImpl.java:43) ~[na:1.7.0_75]
	at java.lang.reflect.Method.invoke(Method.java:606) ~[na:1.7.0_75]
	at org.springsource.loaded.ri.ReflectiveInterceptor.jlrMethodInvoke(ReflectiveInterceptor.java:1270) ~[springloaded-1.2.3.RELEASE.jar:1.2.3.RELEASE]
	at org.codehaus.groovy.reflection.CachedMethod.invoke(CachedMethod.java:90) ~[groovy-2.4.3.jar:2.4.3]
	at groovy.lang.MetaMethod.doMethodInvoke(MetaMethod.java:324) ~[groovy-2.4.3.jar:2.4.3]
	at org.codehaus.groovy.runtime.metaclass.ClosureMetaClass.invokeMethod(ClosureMetaClass.java:292) ~[groovy-2.4.3.jar:2.4.3]
	at groovy.lang.MetaClassImpl.invokeMethod(MetaClassImpl.java:1016) ~[groovy-2.4.3.jar:2.4.3]
	at groovy.lang.Closure.call(Closure.java:423) ~[groovy-2.4.3.jar:2.4.3]
	at groovy.lang.Closure.call(Closure.java:417) ~[groovy-2.4.3.jar:2.4.3]
	at org.grails.taglib.TagBodyClosure.executeClosure(TagBodyClosure.java:200) ~[grails-taglib-3.0.1.jar:3.0.1]
	at org.grails.taglib.TagBodyClosure.captureClosureOutput(TagBodyClosure.java:102) ~[grails-taglib-3.0.1.jar:3.0.1]
	at org.grails.taglib.TagBodyClosure.call(TagBodyClosure.java:213) ~[grails-taglib-3.0.1.jar:3.0.1]
	at org.grails.plugins.web.taglib.SitemeshTagLib.captureTagContent(SitemeshTagLib.groovy:48) ~[grails-web-gsp-taglib-3.0.1.jar:3.0.1]
	at org.grails.plugins.web.taglib.SitemeshTagLib.captureTagContent(SitemeshTagLib.groovy) ~[grails-web-gsp-taglib-3.0.1.jar:3.0.1]
	at org.grails.plugins.web.taglib.SitemeshTagLib$_closure3.doCall(SitemeshTagLib.groovy:156) ~[grails-web-gsp-taglib-3.0.1.jar:3.0.1]
	at sun.reflect.NativeMethodAccessorImpl.invoke0(Native Method) ~[na:1.7.0_75]
	at sun.reflect.NativeMethodAccessorImpl.invoke(NativeMethodAccessorImpl.java:57) ~[na:1.7.0_75]
	at sun.reflect.DelegatingMethodAccessorImpl.invoke(DelegatingMethodAccessorImpl.java:43) ~[na:1.7.0_75]
	at java.lang.reflect.Method.invoke(Method.java:606) ~[na:1.7.0_75]
	at org.springsource.loaded.ri.ReflectiveInterceptor.jlrMethodInvoke(ReflectiveInterceptor.java:1270) ~[springloaded-1.2.3.RELEASE.jar:1.2.3.RELEASE]
	at org.codehaus.groovy.reflection.CachedMethod.invoke(CachedMethod.java:90) ~[groovy-2.4.3.jar:2.4.3]
	at groovy.lang.MetaMethod.doMethodInvoke(MetaMethod.java:324) ~[groovy-2.4.3.jar:2.4.3]
	at org.codehaus.groovy.runtime.metaclass.ClosureMetaClass.invokeMethod(ClosureMetaClass.java:292) ~[groovy-2.4.3.jar:2.4.3]
	at groovy.lang.MetaClassImpl.invokeMethod(MetaClassImpl.java:1016) ~[groovy-2.4.3.jar:2.4.3]
	at groovy.lang.Closure.call(Closure.java:423) ~[groovy-2.4.3.jar:2.4.3]
	at org.grails.gsp.GroovyPage.invokeTagLibClosure(GroovyPage.java:419) ~[grails-gsp-3.0.1.jar:3.0.1]
	at org.grails.gsp.GroovyPage.invokeTag(GroovyPage.java:337) ~[grails-gsp-3.0.1.jar:3.0.1]
	at org.grails.gsp.GroovyPage$invokeTag$4.callCurrent(Unknown Source) ~[na:na]
	at home_vagrant_DashBoard_DashBoard_grails_app_views_index_gsp.run(home_vagrant_DashBoard_DashBoard_grails_app_views_index_gsp:72) ~[na:na]
	at org.grails.gsp.GroovyPageWritable.doWriteTo(GroovyPageWritable.java:191) ~[grails-gsp-3.0.1.jar:3.0.1]
	at org.grails.gsp.GroovyPageWritable.writeTo(GroovyPageWritable.java:109) ~[grails-gsp-3.0.1.jar:3.0.1]
	at org.grails.web.servlet.view.GroovyPageView.renderTemplate(GroovyPageView.java:72) ~[grails-web-gsp-3.0.1.jar:3.0.1]
	at org.grails.web.servlet.view.AbstractGrailsView.renderWithinGrailsWebRequest(AbstractGrailsView.java:71) [grails-web-common-3.0.1.jar:3.0.1]
	at org.grails.web.servlet.view.AbstractGrailsView.renderMergedOutputModel(AbstractGrailsView.java:55) [grails-web-common-3.0.1.jar:3.0.1]
	at org.springframework.web.servlet.view.AbstractView.render(AbstractView.java:303) [spring-webmvc-4.1.6.RELEASE.jar:4.1.6.RELEASE]
	at org.grails.web.sitemesh.GrailsLayoutView.renderInnerView(GrailsLayoutView.java:116) [grails-web-sitemesh-3.0.1.jar:3.0.1]
	at org.grails.web.sitemesh.GrailsLayoutView.obtainContent(GrailsLayoutView.java:97) [grails-web-sitemesh-3.0.1.jar:3.0.1]
	at org.grails.web.sitemesh.GrailsLayoutView.renderTemplate(GrailsLayoutView.java:55) [grails-web-sitemesh-3.0.1.jar:3.0.1]
	at org.grails.web.servlet.view.AbstractGrailsView.renderWithinGrailsWebRequest(AbstractGrailsView.java:71) [grails-web-common-3.0.1.jar:3.0.1]
	at org.grails.web.servlet.view.AbstractGrailsView.renderMergedOutputModel(AbstractGrailsView.java:55) [grails-web-common-3.0.1.jar:3.0.1]
	at org.springframework.web.servlet.view.AbstractView.render(AbstractView.java:303) [spring-webmvc-4.1.6.RELEASE.jar:4.1.6.RELEASE]
	at org.springframework.web.servlet.DispatcherServlet.render(DispatcherServlet.java:1244) [spring-webmvc-4.1.6.RELEASE.jar:4.1.6.RELEASE]
	at org.springframework.web.servlet.DispatcherServlet.processDispatchResult(DispatcherServlet.java:1027) [spring-webmvc-4.1.6.RELEASE.jar:4.1.6.RELEASE]
	at org.springframework.web.servlet.DispatcherServlet.doDispatch(DispatcherServlet.java:971) [spring-webmvc-4.1.6.RELEASE.jar:4.1.6.RELEASE]
	at org.springframework.web.servlet.DispatcherServlet.doService(DispatcherServlet.java:893) [spring-webmvc-4.1.6.RELEASE.jar:4.1.6.RELEASE]
	at org.springframework.web.servlet.FrameworkServlet.processRequest(FrameworkServlet.java:966) [spring-webmvc-4.1.6.RELEASE.jar:4.1.6.RELEASE]
	at org.springframework.web.servlet.FrameworkServlet.doGet(FrameworkServlet.java:857) [spring-webmvc-4.1.6.RELEASE.jar:4.1.6.RELEASE]
	at javax.servlet.http.HttpServlet.service(HttpServlet.java:618) [tomcat-embed-core-8.0.20.jar:8.0.20]
	at org.springframework.web.servlet.FrameworkServlet.service(FrameworkServlet.java:842) [spring-webmvc-4.1.6.RELEASE.jar:4.1.6.RELEASE]
	at javax.servlet.http.HttpServlet.service(HttpServlet.java:725) [tomcat-embed-core-8.0.20.jar:8.0.20]
	at org.apache.catalina.core.ApplicationFilterChain.internalDoFilter(ApplicationFilterChain.java:291) [tomcat-embed-core-8.0.20.jar:8.0.20]
	at org.apache.catalina.core.ApplicationFilterChain.doFilter(ApplicationFilterChain.java:206) [tomcat-embed-core-8.0.20.jar:8.0.20]
	at org.apache.tomcat.websocket.server.WsFilter.doFilter(WsFilter.java:52) [tomcat-embed-websocket-8.0.20.jar:8.0.20]
	at org.apache.catalina.core.ApplicationFilterChain.internalDoFilter(ApplicationFilterChain.java:239) [tomcat-embed-core-8.0.20.jar:8.0.20]
	at org.apache.catalina.core.ApplicationFilterChain.doFilter(ApplicationFilterChain.java:206) [tomcat-embed-core-8.0.20.jar:8.0.20]
	at org.springframework.boot.actuate.autoconfigure.EndpointWebMvcAutoConfiguration$ApplicationContextHeaderFilter.doFilterInternal(EndpointWebMvcAutoConfiguration.java:291) [spring-boot-actuator-1.2.3.RELEASE.jar:1.2.3.RELEASE]
	at org.springframework.web.filter.OncePerRequestFilter.doFilter(OncePerRequestFilter.java:107) [spring-web-4.1.6.RELEASE.jar:4.1.6.RELEASE]
	at org.apache.catalina.core.ApplicationFilterChain.internalDoFilter(ApplicationFilterChain.java:239) [tomcat-embed-core-8.0.20.jar:8.0.20]
	at org.apache.catalina.core.ApplicationFilterChain.doFilter(ApplicationFilterChain.java:206) [tomcat-embed-core-8.0.20.jar:8.0.20]
	at org.springframework.boot.actuate.trace.WebRequestTraceFilter.doFilterInternal(WebRequestTraceFilter.java:102) [spring-boot-actuator-1.2.3.RELEASE.jar:1.2.3.RELEASE]
	at org.springframework.web.filter.OncePerRequestFilter.doFilter(OncePerRequestFilter.java:107) [spring-web-4.1.6.RELEASE.jar:4.1.6.RELEASE]
	at org.apache.catalina.core.ApplicationFilterChain.internalDoFilter(ApplicationFilterChain.java:239) [tomcat-embed-core-8.0.20.jar:8.0.20]
	at org.apache.catalina.core.ApplicationFilterChain.doFilter(ApplicationFilterChain.java:206) [tomcat-embed-core-8.0.20.jar:8.0.20]
	at org.grails.web.servlet.mvc.GrailsWebRequestFilter.doFilterInternal(GrailsWebRequestFilter.java:73) [grails-web-mvc-3.0.1.jar:3.0.1]
	at org.springframework.web.filter.OncePerRequestFilter.doFilter(OncePerRequestFilter.java:107) [spring-web-4.1.6.RELEASE.jar:4.1.6.RELEASE]
	at org.apache.catalina.core.ApplicationFilterChain.internalDoFilter(ApplicationFilterChain.java:239) [tomcat-embed-core-8.0.20.jar:8.0.20]
	at org.apache.catalina.core.ApplicationFilterChain.doFilter(ApplicationFilterChain.java:206) [tomcat-embed-core-8.0.20.jar:8.0.20]
	at org.grails.web.filters.HiddenHttpMethodFilter.doFilterInternal(HiddenHttpMethodFilter.java:67) [grails-web-mvc-3.0.1.jar:3.0.1]
	at org.springframework.web.filter.OncePerRequestFilter.doFilter(OncePerRequestFilter.java:107) [spring-web-4.1.6.RELEASE.jar:4.1.6.RELEASE]
	at org.apache.catalina.core.ApplicationFilterChain.internalDoFilter(ApplicationFilterChain.java:239) [tomcat-embed-core-8.0.20.jar:8.0.20]
	at org.apache.catalina.core.ApplicationFilterChain.doFilter(ApplicationFilterChain.java:206) [tomcat-embed-core-8.0.20.jar:8.0.20]
	at org.springframework.web.filter.CharacterEncodingFilter.doFilterInternal(CharacterEncodingFilter.java:85) [spring-web-4.1.6.RELEASE.jar:4.1.6.RELEASE]
	at org.springframework.web.filter.OncePerRequestFilter.doFilter(OncePerRequestFilter.java:107) [spring-web-4.1.6.RELEASE.jar:4.1.6.RELEASE]
	at org.apache.catalina.core.ApplicationFilterChain.internalDoFilter(ApplicationFilterChain.java:239) [tomcat-embed-core-8.0.20.jar:8.0.20]
	at org.apache.catalina.core.ApplicationFilterChain.doFilter(ApplicationFilterChain.java:206) [tomcat-embed-core-8.0.20.jar:8.0.20]
	at org.springframework.boot.actuate.autoconfigure.MetricFilterAutoConfiguration$MetricsFilter.doFilterInternal(MetricFilterAutoConfiguration.java:90) [spring-boot-actuator-1.2.3.RELEASE.jar:1.2.3.RELEASE]
	at org.springframework.web.filter.OncePerRequestFilter.doFilter(OncePerRequestFilter.java:107) [spring-web-4.1.6.RELEASE.jar:4.1.6.RELEASE]
	at org.apache.catalina.core.ApplicationFilterChain.internalDoFilter(ApplicationFilterChain.java:239) [tomcat-embed-core-8.0.20.jar:8.0.20]
	at org.apache.catalina.core.ApplicationFilterChain.doFilter(ApplicationFilterChain.java:206) [tomcat-embed-core-8.0.20.jar:8.0.20]
	at org.apache.catalina.core.StandardWrapperValve.invoke(StandardWrapperValve.java:219) [tomcat-embed-core-8.0.20.jar:8.0.20]
	at org.apache.catalina.core.StandardContextValve.invoke(StandardContextValve.java:106) [tomcat-embed-core-8.0.20.jar:8.0.20]
	at org.apache.catalina.authenticator.AuthenticatorBase.invoke(AuthenticatorBase.java:501) [tomcat-embed-core-8.0.20.jar:8.0.20]
	at org.apache.catalina.core.StandardHostValve.invoke(StandardHostValve.java:142) [tomcat-embed-core-8.0.20.jar:8.0.20]
	at org.apache.catalina.valves.ErrorReportValve.invoke(ErrorReportValve.java:79) [tomcat-embed-core-8.0.20.jar:8.0.20]
	at org.apache.catalina.core.StandardEngineValve.invoke(StandardEngineValve.java:88) [tomcat-embed-core-8.0.20.jar:8.0.20]
	at org.apache.catalina.connector.CoyoteAdapter.service(CoyoteAdapter.java:516) [tomcat-embed-core-8.0.20.jar:8.0.20]
	at org.apache.coyote.http11.AbstractHttp11Processor.process(AbstractHttp11Processor.java:1086) [tomcat-embed-core-8.0.20.jar:8.0.20]
	at org.apache.coyote.AbstractProtocol$AbstractConnectionHandler.process(AbstractProtocol.java:659) [tomcat-embed-core-8.0.20.jar:8.0.20]
	at org.apache.coyote.http11.Http11NioProtocol$Http11ConnectionHandler.process(Http11NioProtocol.java:223) [tomcat-embed-core-8.0.20.jar:8.0.20]
	at org.apache.tomcat.util.net.NioEndpoint$SocketProcessor.doRun(NioEndpoint.java:1558) [tomcat-embed-core-8.0.20.jar:8.0.20]
	at org.apache.tomcat.util.net.NioEndpoint$SocketProcessor.run(NioEndpoint.java:1515) [tomcat-embed-core-8.0.20.jar:8.0.20]
	at java.util.concurrent.ThreadPoolExecutor.runWorker(ThreadPoolExecutor.java:1145) [na:1.7.0_75]
	at java.util.concurrent.ThreadPoolExecutor$Worker.run(ThreadPoolExecutor.java:615) [na:1.7.0_75]
	at org.apache.tomcat.util.threads.TaskThread$WrappingRunnable.run(TaskThread.java:61) [tomcat-embed-core-8.0.20.jar:8.0.20]
	at java.lang.Thread.run(Thread.java:745) [na:1.7.0_75]
Caused by: java.lang.IllegalStateException: org.springframework.boot.context.embedded.AnnotationConfigEmbeddedWebApplicationContext@452eb53d has been closed already
	at org.springframework.context.support.AbstractApplicationContext.assertBeanFactoryActive(AbstractApplicationContext.java:940) ~[spring-context-4.1.6.RELEASE.jar:4.1.6.RELEASE]
	at org.springframework.context.support.AbstractApplicationContext.getBean(AbstractApplicationContext.java:955) ~[spring-context-4.1.6.RELEASE.jar:4.1.6.RELEASE]
	at org.springframework.beans.factory.BeanFactory$getBean$3.call(Unknown Source) ~[na:na]
	at home_vagrant_DashBoard_DashBoard_grails_app_views_index_gsp$_run_closure2$_closure20.doCall(home_vagrant_DashBoard_DashBoard_grails_app_views_index_gsp:54) ~[na:na]
	at sun.reflect.NativeMethodAccessorImpl.invoke0(Native Method) ~[na:1.7.0_75]
	at sun.reflect.NativeMethodAccessorImpl.invoke(NativeMethodAccessorImpl.java:57) ~[na:1.7.0_75]
	at sun.reflect.DelegatingMethodAccessorImpl.invoke(DelegatingMethodAccessorImpl.java:43) ~[na:1.7.0_75]
	at java.lang.reflect.Method.invoke(Method.java:606) ~[na:1.7.0_75]
	at org.springsource.loaded.ri.ReflectiveInterceptor.jlrMethodInvoke(ReflectiveInterceptor.java:1270) ~[springloaded-1.2.3.RELEASE.jar:1.2.3.RELEASE]
	at org.codehaus.groovy.reflection.CachedMethod.invoke(CachedMethod.java:90) ~[groovy-2.4.3.jar:2.4.3]
	at groovy.lang.MetaMethod.doMethodInvoke(MetaMethod.java:324) ~[groovy-2.4.3.jar:2.4.3]
	at org.codehaus.groovy.runtime.metaclass.ClosureMetaClass.invokeMethod(ClosureMetaClass.java:292) ~[groovy-2.4.3.jar:2.4.3]
	at groovy.lang.MetaClassImpl.invokeMethod(MetaClassImpl.java:1016) ~[groovy-2.4.3.jar:2.4.3]
	at groovy.lang.Closure.call(Closure.java:423) ~[groovy-2.4.3.jar:2.4.3]
	at groovy.lang.Closure.call(Closure.java:439) ~[groovy-2.4.3.jar:2.4.3]
	at org.grails.gsp.GroovyPage.evaluate(GroovyPage.java:238) ~[grails-gsp-3.0.1.jar:3.0.1]
	... 108 common frames omitted
ERROR StackTrace - Full Stack Trace:
org.grails.gsp.GroovyPagesException: Error evaluating expression [applicationContext.getBean('pluginManager').allPlugins] on line [101]: org.springframework.boot.context.embedded.AnnotationConfigEmbeddedWebApplicationContext@452eb53d has been closed already
	at org.grails.gsp.GroovyPage.evaluate(GroovyPage.java:240) ~[grails-gsp-3.0.1.jar:3.0.1]
	at sun.reflect.GeneratedMethodAccessor101.invoke(Unknown Source) ~[na:na]
	at sun.reflect.DelegatingMethodAccessorImpl.invoke(DelegatingMethodAccessorImpl.java:43) ~[na:1.7.0_75]
	at java.lang.reflect.Method.invoke(Method.java:606) ~[na:1.7.0_75]
	at org.springsource.loaded.ri.ReflectiveInterceptor.jlrMethodInvoke(ReflectiveInterceptor.java:1270) ~[springloaded-1.2.3.RELEASE.jar:1.2.3.RELEASE]
	at org.codehaus.groovy.reflection.CachedMethod.invoke(CachedMethod.java:90) ~[groovy-2.4.3.jar:2.4.3]
	at groovy.lang.MetaMethod.doMethodInvoke(MetaMethod.java:324) ~[groovy-2.4.3.jar:2.4.3]
	at org.codehaus.groovy.runtime.metaclass.ClosureMetaClass.invokeMethod(ClosureMetaClass.java:382) ~[groovy-2.4.3.jar:2.4.3]
	at groovy.lang.MetaClassImpl.invokeMethod(MetaClassImpl.java:1016) ~[groovy-2.4.3.jar:2.4.3]
	at org.codehaus.groovy.runtime.callsite.PogoMetaClassSite.callCurrent(PogoMetaClassSite.java:66) ~[groovy-2.4.3.jar:2.4.3]
	at org.codehaus.groovy.runtime.callsite.AbstractCallSite.callCurrent(AbstractCallSite.java:187) ~[groovy-2.4.3.jar:2.4.3]
	at home_vagrant_DashBoard_DashBoard_grails_app_views_index_gsp$_run_closure2.doCall(home_vagrant_DashBoard_DashBoard_grails_app_views_index_gsp:54) ~[na:na]
	at sun.reflect.NativeMethodAccessorImpl.invoke0(Native Method) ~[na:1.7.0_75]
	at sun.reflect.NativeMethodAccessorImpl.invoke(NativeMethodAccessorImpl.java:57) ~[na:1.7.0_75]
	at sun.reflect.DelegatingMethodAccessorImpl.invoke(DelegatingMethodAccessorImpl.java:43) ~[na:1.7.0_75]
	at java.lang.reflect.Method.invoke(Method.java:606) ~[na:1.7.0_75]
	at org.springsource.loaded.ri.ReflectiveInterceptor.jlrMethodInvoke(ReflectiveInterceptor.java:1270) ~[springloaded-1.2.3.RELEASE.jar:1.2.3.RELEASE]
	at org.codehaus.groovy.reflection.CachedMethod.invoke(CachedMethod.java:90) ~[groovy-2.4.3.jar:2.4.3]
	at groovy.lang.MetaMethod.doMethodInvoke(MetaMethod.java:324) ~[groovy-2.4.3.jar:2.4.3]
	at org.codehaus.groovy.runtime.metaclass.ClosureMetaClass.invokeMethod(ClosureMetaClass.java:292) ~[groovy-2.4.3.jar:2.4.3]
	at groovy.lang.MetaClassImpl.invokeMethod(MetaClassImpl.java:1016) ~[groovy-2.4.3.jar:2.4.3]
	at groovy.lang.Closure.call(Closure.java:423) ~[groovy-2.4.3.jar:2.4.3]
	at groovy.lang.Closure.call(Closure.java:417) ~[groovy-2.4.3.jar:2.4.3]
	at org.grails.taglib.TagBodyClosure.executeClosure(TagBodyClosure.java:200) ~[grails-taglib-3.0.1.jar:3.0.1]
	at org.grails.taglib.TagBodyClosure.captureClosureOutput(TagBodyClosure.java:102) ~[grails-taglib-3.0.1.jar:3.0.1]
	at org.grails.taglib.TagBodyClosure.call(TagBodyClosure.java:213) ~[grails-taglib-3.0.1.jar:3.0.1]
	at org.grails.plugins.web.taglib.SitemeshTagLib.captureTagContent(SitemeshTagLib.groovy:48) ~[grails-web-gsp-taglib-3.0.1.jar:3.0.1]
	at org.grails.plugins.web.taglib.SitemeshTagLib.captureTagContent(SitemeshTagLib.groovy) ~[grails-web-gsp-taglib-3.0.1.jar:3.0.1]
	at org.grails.plugins.web.taglib.SitemeshTagLib$_closure3.doCall(SitemeshTagLib.groovy:156) ~[grails-web-gsp-taglib-3.0.1.jar:3.0.1]
	at sun.reflect.NativeMethodAccessorImpl.invoke0(Native Method) ~[na:1.7.0_75]
	at sun.reflect.NativeMethodAccessorImpl.invoke(NativeMethodAccessorImpl.java:57) ~[na:1.7.0_75]
	at sun.reflect.DelegatingMethodAccessorImpl.invoke(DelegatingMethodAccessorImpl.java:43) ~[na:1.7.0_75]
	at java.lang.reflect.Method.invoke(Method.java:606) ~[na:1.7.0_75]
	at org.springsource.loaded.ri.ReflectiveInterceptor.jlrMethodInvoke(ReflectiveInterceptor.java:1270) ~[springloaded-1.2.3.RELEASE.jar:1.2.3.RELEASE]
	at org.codehaus.groovy.reflection.CachedMethod.invoke(CachedMethod.java:90) ~[groovy-2.4.3.jar:2.4.3]
	at groovy.lang.MetaMethod.doMethodInvoke(MetaMethod.java:324) ~[groovy-2.4.3.jar:2.4.3]
	at org.codehaus.groovy.runtime.metaclass.ClosureMetaClass.invokeMethod(ClosureMetaClass.java:292) ~[groovy-2.4.3.jar:2.4.3]
	at groovy.lang.MetaClassImpl.invokeMethod(MetaClassImpl.java:1016) ~[groovy-2.4.3.jar:2.4.3]
	at groovy.lang.Closure.call(Closure.java:423) ~[groovy-2.4.3.jar:2.4.3]
	at org.grails.gsp.GroovyPage.invokeTagLibClosure(GroovyPage.java:419) ~[grails-gsp-3.0.1.jar:3.0.1]
	at org.grails.gsp.GroovyPage.invokeTag(GroovyPage.java:337) ~[grails-gsp-3.0.1.jar:3.0.1]
	at org.grails.gsp.GroovyPage$invokeTag$4.callCurrent(Unknown Source) ~[na:na]
	at home_vagrant_DashBoard_DashBoard_grails_app_views_index_gsp.run(home_vagrant_DashBoard_DashBoard_grails_app_views_index_gsp:72) ~[na:na]
	at org.grails.gsp.GroovyPageWritable.doWriteTo(GroovyPageWritable.java:191) ~[grails-gsp-3.0.1.jar:3.0.1]
	at org.grails.gsp.GroovyPageWritable.writeTo(GroovyPageWritable.java:109) ~[grails-gsp-3.0.1.jar:3.0.1]
	at org.grails.web.servlet.view.GroovyPageView.renderTemplate(GroovyPageView.java:72) ~[grails-web-gsp-3.0.1.jar:3.0.1]
	at org.grails.web.servlet.view.AbstractGrailsView.renderWithinGrailsWebRequest(AbstractGrailsView.java:71) [grails-web-common-3.0.1.jar:3.0.1]
	at org.grails.web.servlet.view.AbstractGrailsView.renderMergedOutputModel(AbstractGrailsView.java:55) [grails-web-common-3.0.1.jar:3.0.1]
	at org.springframework.web.servlet.view.AbstractView.render(AbstractView.java:303) [spring-webmvc-4.1.6.RELEASE.jar:4.1.6.RELEASE]
	at org.grails.web.sitemesh.GrailsLayoutView.renderInnerView(GrailsLayoutView.java:116) [grails-web-sitemesh-3.0.1.jar:3.0.1]
	at org.grails.web.sitemesh.GrailsLayoutView.obtainContent(GrailsLayoutView.java:97) [grails-web-sitemesh-3.0.1.jar:3.0.1]
	at org.grails.web.sitemesh.GrailsLayoutView.renderTemplate(GrailsLayoutView.java:55) [grails-web-sitemesh-3.0.1.jar:3.0.1]
	at org.grails.web.servlet.view.AbstractGrailsView.renderWithinGrailsWebRequest(AbstractGrailsView.java:71) [grails-web-common-3.0.1.jar:3.0.1]
	at org.grails.web.servlet.view.AbstractGrailsView.renderMergedOutputModel(AbstractGrailsView.java:55) [grails-web-common-3.0.1.jar:3.0.1]
	at org.springframework.web.servlet.view.AbstractView.render(AbstractView.java:303) [spring-webmvc-4.1.6.RELEASE.jar:4.1.6.RELEASE]
	at org.springframework.web.servlet.DispatcherServlet.render(DispatcherServlet.java:1244) [spring-webmvc-4.1.6.RELEASE.jar:4.1.6.RELEASE]
	at org.springframework.web.servlet.DispatcherServlet.processDispatchResult(DispatcherServlet.java:1027) [spring-webmvc-4.1.6.RELEASE.jar:4.1.6.RELEASE]
	at org.springframework.web.servlet.DispatcherServlet.doDispatch(DispatcherServlet.java:971) [spring-webmvc-4.1.6.RELEASE.jar:4.1.6.RELEASE]
	at org.springframework.web.servlet.DispatcherServlet.doService(DispatcherServlet.java:893) [spring-webmvc-4.1.6.RELEASE.jar:4.1.6.RELEASE]
	at org.springframework.web.servlet.FrameworkServlet.processRequest(FrameworkServlet.java:966) [spring-webmvc-4.1.6.RELEASE.jar:4.1.6.RELEASE]
	at org.springframework.web.servlet.FrameworkServlet.doGet(FrameworkServlet.java:857) [spring-webmvc-4.1.6.RELEASE.jar:4.1.6.RELEASE]
	at javax.servlet.http.HttpServlet.service(HttpServlet.java:618) [tomcat-embed-core-8.0.20.jar:8.0.20]
	at org.springframework.web.servlet.FrameworkServlet.service(FrameworkServlet.java:842) [spring-webmvc-4.1.6.RELEASE.jar:4.1.6.RELEASE]
	at javax.servlet.http.HttpServlet.service(HttpServlet.java:725) [tomcat-embed-core-8.0.20.jar:8.0.20]
	at org.apache.catalina.core.ApplicationFilterChain.internalDoFilter(ApplicationFilterChain.java:291) [tomcat-embed-core-8.0.20.jar:8.0.20]
	at org.apache.catalina.core.ApplicationFilterChain.doFilter(ApplicationFilterChain.java:206) [tomcat-embed-core-8.0.20.jar:8.0.20]
	at org.apache.tomcat.websocket.server.WsFilter.doFilter(WsFilter.java:52) [tomcat-embed-websocket-8.0.20.jar:8.0.20]
	at org.apache.catalina.core.ApplicationFilterChain.internalDoFilter(ApplicationFilterChain.java:239) [tomcat-embed-core-8.0.20.jar:8.0.20]
	at org.apache.catalina.core.ApplicationFilterChain.doFilter(ApplicationFilterChain.java:206) [tomcat-embed-core-8.0.20.jar:8.0.20]
	at org.springframework.boot.actuate.autoconfigure.EndpointWebMvcAutoConfiguration$ApplicationContextHeaderFilter.doFilterInternal(EndpointWebMvcAutoConfiguration.java:291) [spring-boot-actuator-1.2.3.RELEASE.jar:1.2.3.RELEASE]
	at org.springframework.web.filter.OncePerRequestFilter.doFilter(OncePerRequestFilter.java:107) [spring-web-4.1.6.RELEASE.jar:4.1.6.RELEASE]
	at org.apache.catalina.core.ApplicationFilterChain.internalDoFilter(ApplicationFilterChain.java:239) [tomcat-embed-core-8.0.20.jar:8.0.20]
	at org.apache.catalina.core.ApplicationFilterChain.doFilter(ApplicationFilterChain.java:206) [tomcat-embed-core-8.0.20.jar:8.0.20]
	at org.springframework.boot.actuate.trace.WebRequestTraceFilter.doFilterInternal(WebRequestTraceFilter.java:102) [spring-boot-actuator-1.2.3.RELEASE.jar:1.2.3.RELEASE]
	at org.springframework.web.filter.OncePerRequestFilter.doFilter(OncePerRequestFilter.java:107) [spring-web-4.1.6.RELEASE.jar:4.1.6.RELEASE]
	at org.apache.catalina.core.ApplicationFilterChain.internalDoFilter(ApplicationFilterChain.java:239) [tomcat-embed-core-8.0.20.jar:8.0.20]
	at org.apache.catalina.core.ApplicationFilterChain.doFilter(ApplicationFilterChain.java:206) [tomcat-embed-core-8.0.20.jar:8.0.20]
	at org.grails.web.servlet.mvc.GrailsWebRequestFilter.doFilterInternal(GrailsWebRequestFilter.java:73) [grails-web-mvc-3.0.1.jar:3.0.1]
	at org.springframework.web.filter.OncePerRequestFilter.doFilter(OncePerRequestFilter.java:107) [spring-web-4.1.6.RELEASE.jar:4.1.6.RELEASE]
	at org.apache.catalina.core.ApplicationFilterChain.internalDoFilter(ApplicationFilterChain.java:239) [tomcat-embed-core-8.0.20.jar:8.0.20]
	at org.apache.catalina.core.ApplicationFilterChain.doFilter(ApplicationFilterChain.java:206) [tomcat-embed-core-8.0.20.jar:8.0.20]
	at org.grails.web.filters.HiddenHttpMethodFilter.doFilterInternal(HiddenHttpMethodFilter.java:67) [grails-web-mvc-3.0.1.jar:3.0.1]
	at org.springframework.web.filter.OncePerRequestFilter.doFilter(OncePerRequestFilter.java:107) [spring-web-4.1.6.RELEASE.jar:4.1.6.RELEASE]
	at org.apache.catalina.core.ApplicationFilterChain.internalDoFilter(ApplicationFilterChain.java:239) [tomcat-embed-core-8.0.20.jar:8.0.20]
	at org.apache.catalina.core.ApplicationFilterChain.doFilter(ApplicationFilterChain.java:206) [tomcat-embed-core-8.0.20.jar:8.0.20]
	at org.springframework.web.filter.CharacterEncodingFilter.doFilterInternal(CharacterEncodingFilter.java:85) [spring-web-4.1.6.RELEASE.jar:4.1.6.RELEASE]
	at org.springframework.web.filter.OncePerRequestFilter.doFilter(OncePerRequestFilter.java:107) [spring-web-4.1.6.RELEASE.jar:4.1.6.RELEASE]
	at org.apache.catalina.core.ApplicationFilterChain.internalDoFilter(ApplicationFilterChain.java:239) [tomcat-embed-core-8.0.20.jar:8.0.20]
	at org.apache.catalina.core.ApplicationFilterChain.doFilter(ApplicationFilterChain.java:206) [tomcat-embed-core-8.0.20.jar:8.0.20]
	at org.springframework.boot.actuate.autoconfigure.MetricFilterAutoConfiguration$MetricsFilter.doFilterInternal(MetricFilterAutoConfiguration.java:90) [spring-boot-actuator-1.2.3.RELEASE.jar:1.2.3.RELEASE]
	at org.springframework.web.filter.OncePerRequestFilter.doFilter(OncePerRequestFilter.java:107) [spring-web-4.1.6.RELEASE.jar:4.1.6.RELEASE]
	at org.apache.catalina.core.ApplicationFilterChain.internalDoFilter(ApplicationFilterChain.java:239) [tomcat-embed-core-8.0.20.jar:8.0.20]
	at org.apache.catalina.core.ApplicationFilterChain.doFilter(ApplicationFilterChain.java:206) [tomcat-embed-core-8.0.20.jar:8.0.20]
	at org.apache.catalina.core.StandardWrapperValve.invoke(StandardWrapperValve.java:219) [tomcat-embed-core-8.0.20.jar:8.0.20]
	at org.apache.catalina.core.StandardContextValve.invoke(StandardContextValve.java:106) [tomcat-embed-core-8.0.20.jar:8.0.20]
	at org.apache.catalina.authenticator.AuthenticatorBase.invoke(AuthenticatorBase.java:501) [tomcat-embed-core-8.0.20.jar:8.0.20]
	at org.apache.catalina.core.StandardHostValve.invoke(StandardHostValve.java:142) [tomcat-embed-core-8.0.20.jar:8.0.20]
	at org.apache.catalina.valves.ErrorReportValve.invoke(ErrorReportValve.java:79) [tomcat-embed-core-8.0.20.jar:8.0.20]
	at org.apache.catalina.core.StandardEngineValve.invoke(StandardEngineValve.java:88) [tomcat-embed-core-8.0.20.jar:8.0.20]
	at org.apache.catalina.connector.CoyoteAdapter.service(CoyoteAdapter.java:516) [tomcat-embed-core-8.0.20.jar:8.0.20]
	at org.apache.coyote.http11.AbstractHttp11Processor.process(AbstractHttp11Processor.java:1086) [tomcat-embed-core-8.0.20.jar:8.0.20]
	at org.apache.coyote.AbstractProtocol$AbstractConnectionHandler.process(AbstractProtocol.java:659) [tomcat-embed-core-8.0.20.jar:8.0.20]
	at org.apache.coyote.http11.Http11NioProtocol$Http11ConnectionHandler.process(Http11NioProtocol.java:223) [tomcat-embed-core-8.0.20.jar:8.0.20]
	at org.apache.tomcat.util.net.NioEndpoint$SocketProcessor.doRun(NioEndpoint.java:1558) [tomcat-embed-core-8.0.20.jar:8.0.20]
	at org.apache.tomcat.util.net.NioEndpoint$SocketProcessor.run(NioEndpoint.java:1515) [tomcat-embed-core-8.0.20.jar:8.0.20]
	at java.util.concurrent.ThreadPoolExecutor.runWorker(ThreadPoolExecutor.java:1145) [na:1.7.0_75]
	at java.util.concurrent.ThreadPoolExecutor$Worker.run(ThreadPoolExecutor.java:615) [na:1.7.0_75]
	at org.apache.tomcat.util.threads.TaskThread$WrappingRunnable.run(TaskThread.java:61) [tomcat-embed-core-8.0.20.jar:8.0.20]
	at java.lang.Thread.run(Thread.java:745) [na:1.7.0_75]
Caused by: java.lang.IllegalStateException: org.springframework.boot.context.embedded.AnnotationConfigEmbeddedWebApplicationContext@452eb53d has been closed already
	at org.springframework.context.support.AbstractApplicationContext.assertBeanFactoryActive(AbstractApplicationContext.java:940) ~[spring-context-4.1.6.RELEASE.jar:4.1.6.RELEASE]
	at org.springframework.context.support.AbstractApplicationContext.getBean(AbstractApplicationContext.java:955) ~[spring-context-4.1.6.RELEASE.jar:4.1.6.RELEASE]
	at org.springframework.beans.factory.BeanFactory$getBean$3.call(Unknown Source) ~[na:na]
	at home_vagrant_DashBoard_DashBoard_grails_app_views_index_gsp$_run_closure2$_closure20.doCall(home_vagrant_DashBoard_DashBoard_grails_app_views_index_gsp:54) ~[na:na]
	at sun.reflect.NativeMethodAccessorImpl.invoke0(Native Method) ~[na:1.7.0_75]
	at sun.reflect.NativeMethodAccessorImpl.invoke(NativeMethodAccessorImpl.java:57) ~[na:1.7.0_75]
	at sun.reflect.DelegatingMethodAccessorImpl.invoke(DelegatingMethodAccessorImpl.java:43) ~[na:1.7.0_75]
	at java.lang.reflect.Method.invoke(Method.java:606) ~[na:1.7.0_75]
	at org.springsource.loaded.ri.ReflectiveInterceptor.jlrMethodInvoke(ReflectiveInterceptor.java:1270) ~[springloaded-1.2.3.RELEASE.jar:1.2.3.RELEASE]
	at org.codehaus.groovy.reflection.CachedMethod.invoke(CachedMethod.java:90) ~[groovy-2.4.3.jar:2.4.3]
	at groovy.lang.MetaMethod.doMethodInvoke(MetaMethod.java:324) ~[groovy-2.4.3.jar:2.4.3]
	at org.codehaus.groovy.runtime.metaclass.ClosureMetaClass.invokeMethod(ClosureMetaClass.java:292) ~[groovy-2.4.3.jar:2.4.3]
	at groovy.lang.MetaClassImpl.invokeMethod(MetaClassImpl.java:1016) ~[groovy-2.4.3.jar:2.4.3]
	at groovy.lang.Closure.call(Closure.java:423) ~[groovy-2.4.3.jar:2.4.3]
	at groovy.lang.Closure.call(Closure.java:439) ~[groovy-2.4.3.jar:2.4.3]
	at org.grails.gsp.GroovyPage.evaluate(GroovyPage.java:238) ~[grails-gsp-3.0.1.jar:3.0.1]
	... 108 common frames omitted
ERROR StackTrace - Full Stack Trace:
java.lang.IllegalStateException: org.springframework.boot.context.embedded.AnnotationConfigEmbeddedWebApplicationContext@452eb53d has been closed already
	at org.springframework.context.support.AbstractApplicationContext.assertBeanFactoryActive(AbstractApplicationContext.java:940) ~[spring-context-4.1.6.RELEASE.jar:4.1.6.RELEASE]
	at org.springframework.context.support.AbstractApplicationContext.getBean(AbstractApplicationContext.java:955) ~[spring-context-4.1.6.RELEASE.jar:4.1.6.RELEASE]
	at org.springframework.beans.factory.BeanFactory$getBean$3.call(Unknown Source) ~[na:na]
	at home_vagrant_DashBoard_DashBoard_grails_app_views_index_gsp$_run_closure2$_closure20.doCall(home_vagrant_DashBoard_DashBoard_grails_app_views_index_gsp:54) ~[na:na]
	at sun.reflect.NativeMethodAccessorImpl.invoke0(Native Method) ~[na:1.7.0_75]
	at sun.reflect.NativeMethodAccessorImpl.invoke(NativeMethodAccessorImpl.java:57) ~[na:1.7.0_75]
	at sun.reflect.DelegatingMethodAccessorImpl.invoke(DelegatingMethodAccessorImpl.java:43) ~[na:1.7.0_75]
	at java.lang.reflect.Method.invoke(Method.java:606) ~[na:1.7.0_75]
	at org.springsource.loaded.ri.ReflectiveInterceptor.jlrMethodInvoke(ReflectiveInterceptor.java:1270) ~[springloaded-1.2.3.RELEASE.jar:1.2.3.RELEASE]
	at org.codehaus.groovy.reflection.CachedMethod.invoke(CachedMethod.java:90) ~[groovy-2.4.3.jar:2.4.3]
	at groovy.lang.MetaMethod.doMethodInvoke(MetaMethod.java:324) ~[groovy-2.4.3.jar:2.4.3]
	at org.codehaus.groovy.runtime.metaclass.ClosureMetaClass.invokeMethod(ClosureMetaClass.java:292) ~[groovy-2.4.3.jar:2.4.3]
	at groovy.lang.MetaClassImpl.invokeMethod(MetaClassImpl.java:1016) ~[groovy-2.4.3.jar:2.4.3]
	at groovy.lang.Closure.call(Closure.java:423) ~[groovy-2.4.3.jar:2.4.3]
	at groovy.lang.Closure.call(Closure.java:439) ~[groovy-2.4.3.jar:2.4.3]
	at org.grails.gsp.GroovyPage.evaluate(GroovyPage.java:238) ~[grails-gsp-3.0.1.jar:3.0.1]
	at sun.reflect.GeneratedMethodAccessor101.invoke(Unknown Source) ~[na:na]
	at sun.reflect.DelegatingMethodAccessorImpl.invoke(DelegatingMethodAccessorImpl.java:43) ~[na:1.7.0_75]
	at java.lang.reflect.Method.invoke(Method.java:606) ~[na:1.7.0_75]
	at org.springsource.loaded.ri.ReflectiveInterceptor.jlrMethodInvoke(ReflectiveInterceptor.java:1270) ~[springloaded-1.2.3.RELEASE.jar:1.2.3.RELEASE]
	at org.codehaus.groovy.reflection.CachedMethod.invoke(CachedMethod.java:90) ~[groovy-2.4.3.jar:2.4.3]
	at groovy.lang.MetaMethod.doMethodInvoke(MetaMethod.java:324) ~[groovy-2.4.3.jar:2.4.3]
	at org.codehaus.groovy.runtime.metaclass.ClosureMetaClass.invokeMethod(ClosureMetaClass.java:382) ~[groovy-2.4.3.jar:2.4.3]
	at groovy.lang.MetaClassImpl.invokeMethod(MetaClassImpl.java:1016) ~[groovy-2.4.3.jar:2.4.3]
	at org.codehaus.groovy.runtime.callsite.PogoMetaClassSite.callCurrent(PogoMetaClassSite.java:66) ~[groovy-2.4.3.jar:2.4.3]
	at org.codehaus.groovy.runtime.callsite.AbstractCallSite.callCurrent(AbstractCallSite.java:187) ~[groovy-2.4.3.jar:2.4.3]
	at home_vagrant_DashBoard_DashBoard_grails_app_views_index_gsp$_run_closure2.doCall(home_vagrant_DashBoard_DashBoard_grails_app_views_index_gsp:54) ~[na:na]
	at sun.reflect.NativeMethodAccessorImpl.invoke0(Native Method) ~[na:1.7.0_75]
	at sun.reflect.NativeMethodAccessorImpl.invoke(NativeMethodAccessorImpl.java:57) ~[na:1.7.0_75]
	at sun.reflect.DelegatingMethodAccessorImpl.invoke(DelegatingMethodAccessorImpl.java:43) ~[na:1.7.0_75]
	at java.lang.reflect.Method.invoke(Method.java:606) ~[na:1.7.0_75]
	at org.springsource.loaded.ri.ReflectiveInterceptor.jlrMethodInvoke(ReflectiveInterceptor.java:1270) ~[springloaded-1.2.3.RELEASE.jar:1.2.3.RELEASE]
	at org.codehaus.groovy.reflection.CachedMethod.invoke(CachedMethod.java:90) ~[groovy-2.4.3.jar:2.4.3]
	at groovy.lang.MetaMethod.doMethodInvoke(MetaMethod.java:324) ~[groovy-2.4.3.jar:2.4.3]
	at org.codehaus.groovy.runtime.metaclass.ClosureMetaClass.invokeMethod(ClosureMetaClass.java:292) ~[groovy-2.4.3.jar:2.4.3]
	at groovy.lang.MetaClassImpl.invokeMethod(MetaClassImpl.java:1016) ~[groovy-2.4.3.jar:2.4.3]
	at groovy.lang.Closure.call(Closure.java:423) ~[groovy-2.4.3.jar:2.4.3]
	at groovy.lang.Closure.call(Closure.java:417) ~[groovy-2.4.3.jar:2.4.3]
	at org.grails.taglib.TagBodyClosure.executeClosure(TagBodyClosure.java:200) ~[grails-taglib-3.0.1.jar:3.0.1]
	at org.grails.taglib.TagBodyClosure.captureClosureOutput(TagBodyClosure.java:102) ~[grails-taglib-3.0.1.jar:3.0.1]
	at org.grails.taglib.TagBodyClosure.call(TagBodyClosure.java:213) ~[grails-taglib-3.0.1.jar:3.0.1]
	at org.grails.plugins.web.taglib.SitemeshTagLib.captureTagContent(SitemeshTagLib.groovy:48) ~[grails-web-gsp-taglib-3.0.1.jar:3.0.1]
	at org.grails.plugins.web.taglib.SitemeshTagLib.captureTagContent(SitemeshTagLib.groovy) ~[grails-web-gsp-taglib-3.0.1.jar:3.0.1]
	at org.grails.plugins.web.taglib.SitemeshTagLib$_closure3.doCall(SitemeshTagLib.groovy:156) ~[grails-web-gsp-taglib-3.0.1.jar:3.0.1]
	at sun.reflect.NativeMethodAccessorImpl.invoke0(Native Method) ~[na:1.7.0_75]
	at sun.reflect.NativeMethodAccessorImpl.invoke(NativeMethodAccessorImpl.java:57) ~[na:1.7.0_75]
	at sun.reflect.DelegatingMethodAccessorImpl.invoke(DelegatingMethodAccessorImpl.java:43) ~[na:1.7.0_75]
	at java.lang.reflect.Method.invoke(Method.java:606) ~[na:1.7.0_75]
	at org.springsource.loaded.ri.ReflectiveInterceptor.jlrMethodInvoke(ReflectiveInterceptor.java:1270) ~[springloaded-1.2.3.RELEASE.jar:1.2.3.RELEASE]
	at org.codehaus.groovy.reflection.CachedMethod.invoke(CachedMethod.java:90) ~[groovy-2.4.3.jar:2.4.3]
	at groovy.lang.MetaMethod.doMethodInvoke(MetaMethod.java:324) ~[groovy-2.4.3.jar:2.4.3]
	at org.codehaus.groovy.runtime.metaclass.ClosureMetaClass.invokeMethod(ClosureMetaClass.java:292) ~[groovy-2.4.3.jar:2.4.3]
	at groovy.lang.MetaClassImpl.invokeMethod(MetaClassImpl.java:1016) ~[groovy-2.4.3.jar:2.4.3]
	at groovy.lang.Closure.call(Closure.java:423) ~[groovy-2.4.3.jar:2.4.3]
	at org.grails.gsp.GroovyPage.invokeTagLibClosure(GroovyPage.java:419) ~[grails-gsp-3.0.1.jar:3.0.1]
	at org.grails.gsp.GroovyPage.invokeTag(GroovyPage.java:337) ~[grails-gsp-3.0.1.jar:3.0.1]
	at org.grails.gsp.GroovyPage$invokeTag$4.callCurrent(Unknown Source) ~[na:na]
	at home_vagrant_DashBoard_DashBoard_grails_app_views_index_gsp.run(home_vagrant_DashBoard_DashBoard_grails_app_views_index_gsp:72) ~[na:na]
	at org.grails.gsp.GroovyPageWritable.doWriteTo(GroovyPageWritable.java:191) ~[grails-gsp-3.0.1.jar:3.0.1]
	at org.grails.gsp.GroovyPageWritable.writeTo(GroovyPageWritable.java:109) ~[grails-gsp-3.0.1.jar:3.0.1]
	at org.grails.web.servlet.view.GroovyPageView.renderTemplate(GroovyPageView.java:72) ~[grails-web-gsp-3.0.1.jar:3.0.1]
	at org.grails.web.servlet.view.AbstractGrailsView.renderWithinGrailsWebRequest(AbstractGrailsView.java:71) [grails-web-common-3.0.1.jar:3.0.1]
	at org.grails.web.servlet.view.AbstractGrailsView.renderMergedOutputModel(AbstractGrailsView.java:55) [grails-web-common-3.0.1.jar:3.0.1]
	at org.springframework.web.servlet.view.AbstractView.render(AbstractView.java:303) [spring-webmvc-4.1.6.RELEASE.jar:4.1.6.RELEASE]
	at org.grails.web.sitemesh.GrailsLayoutView.renderInnerView(GrailsLayoutView.java:116) [grails-web-sitemesh-3.0.1.jar:3.0.1]
	at org.grails.web.sitemesh.GrailsLayoutView.obtainContent(GrailsLayoutView.java:97) [grails-web-sitemesh-3.0.1.jar:3.0.1]
	at org.grails.web.sitemesh.GrailsLayoutView.renderTemplate(GrailsLayoutView.java:55) [grails-web-sitemesh-3.0.1.jar:3.0.1]
	at org.grails.web.servlet.view.AbstractGrailsView.renderWithinGrailsWebRequest(AbstractGrailsView.java:71) [grails-web-common-3.0.1.jar:3.0.1]
	at org.grails.web.servlet.view.AbstractGrailsView.renderMergedOutputModel(AbstractGrailsView.java:55) [grails-web-common-3.0.1.jar:3.0.1]
	at org.springframework.web.servlet.view.AbstractView.render(AbstractView.java:303) [spring-webmvc-4.1.6.RELEASE.jar:4.1.6.RELEASE]
	at org.springframework.web.servlet.DispatcherServlet.render(DispatcherServlet.java:1244) [spring-webmvc-4.1.6.RELEASE.jar:4.1.6.RELEASE]
	at org.springframework.web.servlet.DispatcherServlet.processDispatchResult(DispatcherServlet.java:1027) [spring-webmvc-4.1.6.RELEASE.jar:4.1.6.RELEASE]
	at org.springframework.web.servlet.DispatcherServlet.doDispatch(DispatcherServlet.java:971) [spring-webmvc-4.1.6.RELEASE.jar:4.1.6.RELEASE]
	at org.springframework.web.servlet.DispatcherServlet.doService(DispatcherServlet.java:893) [spring-webmvc-4.1.6.RELEASE.jar:4.1.6.RELEASE]
	at org.springframework.web.servlet.FrameworkServlet.processRequest(FrameworkServlet.java:966) [spring-webmvc-4.1.6.RELEASE.jar:4.1.6.RELEASE]
	at org.springframework.web.servlet.FrameworkServlet.doGet(FrameworkServlet.java:857) [spring-webmvc-4.1.6.RELEASE.jar:4.1.6.RELEASE]
	at javax.servlet.http.HttpServlet.service(HttpServlet.java:618) [tomcat-embed-core-8.0.20.jar:8.0.20]
	at org.springframework.web.servlet.FrameworkServlet.service(FrameworkServlet.java:842) [spring-webmvc-4.1.6.RELEASE.jar:4.1.6.RELEASE]
	at javax.servlet.http.HttpServlet.service(HttpServlet.java:725) [tomcat-embed-core-8.0.20.jar:8.0.20]
	at org.apache.catalina.core.ApplicationFilterChain.internalDoFilter(ApplicationFilterChain.java:291) [tomcat-embed-core-8.0.20.jar:8.0.20]
	at org.apache.catalina.core.ApplicationFilterChain.doFilter(ApplicationFilterChain.java:206) [tomcat-embed-core-8.0.20.jar:8.0.20]
	at org.apache.tomcat.websocket.server.WsFilter.doFilter(WsFilter.java:52) [tomcat-embed-websocket-8.0.20.jar:8.0.20]
	at org.apache.catalina.core.ApplicationFilterChain.internalDoFilter(ApplicationFilterChain.java:239) [tomcat-embed-core-8.0.20.jar:8.0.20]
	at org.apache.catalina.core.ApplicationFilterChain.doFilter(ApplicationFilterChain.java:206) [tomcat-embed-core-8.0.20.jar:8.0.20]
	at org.springframework.boot.actuate.autoconfigure.EndpointWebMvcAutoConfiguration$ApplicationContextHeaderFilter.doFilterInternal(EndpointWebMvcAutoConfiguration.java:291) [spring-boot-actuator-1.2.3.RELEASE.jar:1.2.3.RELEASE]
	at org.springframework.web.filter.OncePerRequestFilter.doFilter(OncePerRequestFilter.java:107) [spring-web-4.1.6.RELEASE.jar:4.1.6.RELEASE]
	at org.apache.catalina.core.ApplicationFilterChain.internalDoFilter(ApplicationFilterChain.java:239) [tomcat-embed-core-8.0.20.jar:8.0.20]
	at org.apache.catalina.core.ApplicationFilterChain.doFilter(ApplicationFilterChain.java:206) [tomcat-embed-core-8.0.20.jar:8.0.20]
	at org.springframework.boot.actuate.trace.WebRequestTraceFilter.doFilterInternal(WebRequestTraceFilter.java:102) [spring-boot-actuator-1.2.3.RELEASE.jar:1.2.3.RELEASE]
	at org.springframework.web.filter.OncePerRequestFilter.doFilter(OncePerRequestFilter.java:107) [spring-web-4.1.6.RELEASE.jar:4.1.6.RELEASE]
	at org.apache.catalina.core.ApplicationFilterChain.internalDoFilter(ApplicationFilterChain.java:239) [tomcat-embed-core-8.0.20.jar:8.0.20]
	at org.apache.catalina.core.ApplicationFilterChain.doFilter(ApplicationFilterChain.java:206) [tomcat-embed-core-8.0.20.jar:8.0.20]
	at org.grails.web.servlet.mvc.GrailsWebRequestFilter.doFilterInternal(GrailsWebRequestFilter.java:73) [grails-web-mvc-3.0.1.jar:3.0.1]
	at org.springframework.web.filter.OncePerRequestFilter.doFilter(OncePerRequestFilter.java:107) [spring-web-4.1.6.RELEASE.jar:4.1.6.RELEASE]
	at org.apache.catalina.core.ApplicationFilterChain.internalDoFilter(ApplicationFilterChain.java:239) [tomcat-embed-core-8.0.20.jar:8.0.20]
	at org.apache.catalina.core.ApplicationFilterChain.doFilter(ApplicationFilterChain.java:206) [tomcat-embed-core-8.0.20.jar:8.0.20]
	at org.grails.web.filters.HiddenHttpMethodFilter.doFilterInternal(HiddenHttpMethodFilter.java:67) [grails-web-mvc-3.0.1.jar:3.0.1]
	at org.springframework.web.filter.OncePerRequestFilter.doFilter(OncePerRequestFilter.java:107) [spring-web-4.1.6.RELEASE.jar:4.1.6.RELEASE]
	at org.apache.catalina.core.ApplicationFilterChain.internalDoFilter(ApplicationFilterChain.java:239) [tomcat-embed-core-8.0.20.jar:8.0.20]
	at org.apache.catalina.core.ApplicationFilterChain.doFilter(ApplicationFilterChain.java:206) [tomcat-embed-core-8.0.20.jar:8.0.20]
	at org.springframework.web.filter.CharacterEncodingFilter.doFilterInternal(CharacterEncodingFilter.java:85) [spring-web-4.1.6.RELEASE.jar:4.1.6.RELEASE]
	at org.springframework.web.filter.OncePerRequestFilter.doFilter(OncePerRequestFilter.java:107) [spring-web-4.1.6.RELEASE.jar:4.1.6.RELEASE]
	at org.apache.catalina.core.ApplicationFilterChain.internalDoFilter(ApplicationFilterChain.java:239) [tomcat-embed-core-8.0.20.jar:8.0.20]
	at org.apache.catalina.core.ApplicationFilterChain.doFilter(ApplicationFilterChain.java:206) [tomcat-embed-core-8.0.20.jar:8.0.20]
	at org.springframework.boot.actuate.autoconfigure.MetricFilterAutoConfiguration$MetricsFilter.doFilterInternal(MetricFilterAutoConfiguration.java:90) [spring-boot-actuator-1.2.3.RELEASE.jar:1.2.3.RELEASE]
	at org.springframework.web.filter.OncePerRequestFilter.doFilter(OncePerRequestFilter.java:107) [spring-web-4.1.6.RELEASE.jar:4.1.6.RELEASE]
	at org.apache.catalina.core.ApplicationFilterChain.internalDoFilter(ApplicationFilterChain.java:239) [tomcat-embed-core-8.0.20.jar:8.0.20]
	at org.apache.catalina.core.ApplicationFilterChain.doFilter(ApplicationFilterChain.java:206) [tomcat-embed-core-8.0.20.jar:8.0.20]
	at org.apache.catalina.core.StandardWrapperValve.invoke(StandardWrapperValve.java:219) [tomcat-embed-core-8.0.20.jar:8.0.20]
	at org.apache.catalina.core.StandardContextValve.invoke(StandardContextValve.java:106) [tomcat-embed-core-8.0.20.jar:8.0.20]
	at org.apache.catalina.authenticator.AuthenticatorBase.invoke(AuthenticatorBase.java:501) [tomcat-embed-core-8.0.20.jar:8.0.20]
	at org.apache.catalina.core.StandardHostValve.invoke(StandardHostValve.java:142) [tomcat-embed-core-8.0.20.jar:8.0.20]
	at org.apache.catalina.valves.ErrorReportValve.invoke(ErrorReportValve.java:79) [tomcat-embed-core-8.0.20.jar:8.0.20]
	at org.apache.catalina.core.StandardEngineValve.invoke(StandardEngineValve.java:88) [tomcat-embed-core-8.0.20.jar:8.0.20]
	at org.apache.catalina.connector.CoyoteAdapter.service(CoyoteAdapter.java:516) [tomcat-embed-core-8.0.20.jar:8.0.20]
	at org.apache.coyote.http11.AbstractHttp11Processor.process(AbstractHttp11Processor.java:1086) [tomcat-embed-core-8.0.20.jar:8.0.20]
	at org.apache.coyote.AbstractProtocol$AbstractConnectionHandler.process(AbstractProtocol.java:659) [tomcat-embed-core-8.0.20.jar:8.0.20]
	at org.apache.coyote.http11.Http11NioProtocol$Http11ConnectionHandler.process(Http11NioProtocol.java:223) [tomcat-embed-core-8.0.20.jar:8.0.20]
	at org.apache.tomcat.util.net.NioEndpoint$SocketProcessor.doRun(NioEndpoint.java:1558) [tomcat-embed-core-8.0.20.jar:8.0.20]
	at org.apache.tomcat.util.net.NioEndpoint$SocketProcessor.run(NioEndpoint.java:1515) [tomcat-embed-core-8.0.20.jar:8.0.20]
	at java.util.concurrent.ThreadPoolExecutor.runWorker(ThreadPoolExecutor.java:1145) [na:1.7.0_75]
	at java.util.concurrent.ThreadPoolExecutor$Worker.run(ThreadPoolExecutor.java:615) [na:1.7.0_75]
	at org.apache.tomcat.util.threads.TaskThread$WrappingRunnable.run(TaskThread.java:61) [tomcat-embed-core-8.0.20.jar:8.0.20]
	at java.lang.Thread.run(Thread.java:745) [na:1.7.0_75]
ERROR StackTrace - Full Stack Trace:
java.lang.IllegalStateException: org.springframework.boot.context.embedded.AnnotationConfigEmbeddedWebApplicationContext@452eb53d has been closed already
	at org.springframework.context.support.AbstractApplicationContext.assertBeanFactoryActive(AbstractApplicationContext.java:940) ~[spring-context-4.1.6.RELEASE.jar:4.1.6.RELEASE]
	at org.springframework.context.support.AbstractApplicationContext.getBean(AbstractApplicationContext.java:955) ~[spring-context-4.1.6.RELEASE.jar:4.1.6.RELEASE]
	at org.springframework.beans.factory.BeanFactory$getBean$3.call(Unknown Source) ~[na:na]
	at home_vagrant_DashBoard_DashBoard_grails_app_views_index_gsp$_run_closure2$_closure20.doCall(home_vagrant_DashBoard_DashBoard_grails_app_views_index_gsp:54) ~[na:na]
	at sun.reflect.NativeMethodAccessorImpl.invoke0(Native Method) ~[na:1.7.0_75]
	at sun.reflect.NativeMethodAccessorImpl.invoke(NativeMethodAccessorImpl.java:57) ~[na:1.7.0_75]
	at sun.reflect.DelegatingMethodAccessorImpl.invoke(DelegatingMethodAccessorImpl.java:43) ~[na:1.7.0_75]
	at java.lang.reflect.Method.invoke(Method.java:606) ~[na:1.7.0_75]
	at org.springsource.loaded.ri.ReflectiveInterceptor.jlrMethodInvoke(ReflectiveInterceptor.java:1270) ~[springloaded-1.2.3.RELEASE.jar:1.2.3.RELEASE]
	at org.codehaus.groovy.reflection.CachedMethod.invoke(CachedMethod.java:90) ~[groovy-2.4.3.jar:2.4.3]
	at groovy.lang.MetaMethod.doMethodInvoke(MetaMethod.java:324) ~[groovy-2.4.3.jar:2.4.3]
	at org.codehaus.groovy.runtime.metaclass.ClosureMetaClass.invokeMethod(ClosureMetaClass.java:292) ~[groovy-2.4.3.jar:2.4.3]
	at groovy.lang.MetaClassImpl.invokeMethod(MetaClassImpl.java:1016) ~[groovy-2.4.3.jar:2.4.3]
	at groovy.lang.Closure.call(Closure.java:423) ~[groovy-2.4.3.jar:2.4.3]
	at groovy.lang.Closure.call(Closure.java:439) ~[groovy-2.4.3.jar:2.4.3]
	at org.grails.gsp.GroovyPage.evaluate(GroovyPage.java:238) ~[grails-gsp-3.0.1.jar:3.0.1]
	at sun.reflect.GeneratedMethodAccessor101.invoke(Unknown Source) ~[na:na]
	at sun.reflect.DelegatingMethodAccessorImpl.invoke(DelegatingMethodAccessorImpl.java:43) ~[na:1.7.0_75]
	at java.lang.reflect.Method.invoke(Method.java:606) ~[na:1.7.0_75]
	at org.springsource.loaded.ri.ReflectiveInterceptor.jlrMethodInvoke(ReflectiveInterceptor.java:1270) ~[springloaded-1.2.3.RELEASE.jar:1.2.3.RELEASE]
	at org.codehaus.groovy.reflection.CachedMethod.invoke(CachedMethod.java:90) ~[groovy-2.4.3.jar:2.4.3]
	at groovy.lang.MetaMethod.doMethodInvoke(MetaMethod.java:324) ~[groovy-2.4.3.jar:2.4.3]
	at org.codehaus.groovy.runtime.metaclass.ClosureMetaClass.invokeMethod(ClosureMetaClass.java:382) ~[groovy-2.4.3.jar:2.4.3]
	at groovy.lang.MetaClassImpl.invokeMethod(MetaClassImpl.java:1016) ~[groovy-2.4.3.jar:2.4.3]
	at org.codehaus.groovy.runtime.callsite.PogoMetaClassSite.callCurrent(PogoMetaClassSite.java:66) ~[groovy-2.4.3.jar:2.4.3]
	at org.codehaus.groovy.runtime.callsite.AbstractCallSite.callCurrent(AbstractCallSite.java:187) ~[groovy-2.4.3.jar:2.4.3]
	at home_vagrant_DashBoard_DashBoard_grails_app_views_index_gsp$_run_closure2.doCall(home_vagrant_DashBoard_DashBoard_grails_app_views_index_gsp:54) ~[na:na]
	at sun.reflect.NativeMethodAccessorImpl.invoke0(Native Method) ~[na:1.7.0_75]
	at sun.reflect.NativeMethodAccessorImpl.invoke(NativeMethodAccessorImpl.java:57) ~[na:1.7.0_75]
	at sun.reflect.DelegatingMethodAccessorImpl.invoke(DelegatingMethodAccessorImpl.java:43) ~[na:1.7.0_75]
	at java.lang.reflect.Method.invoke(Method.java:606) ~[na:1.7.0_75]
	at org.springsource.loaded.ri.ReflectiveInterceptor.jlrMethodInvoke(ReflectiveInterceptor.java:1270) ~[springloaded-1.2.3.RELEASE.jar:1.2.3.RELEASE]
	at org.codehaus.groovy.reflection.CachedMethod.invoke(CachedMethod.java:90) ~[groovy-2.4.3.jar:2.4.3]
	at groovy.lang.MetaMethod.doMethodInvoke(MetaMethod.java:324) ~[groovy-2.4.3.jar:2.4.3]
	at org.codehaus.groovy.runtime.metaclass.ClosureMetaClass.invokeMethod(ClosureMetaClass.java:292) ~[groovy-2.4.3.jar:2.4.3]
	at groovy.lang.MetaClassImpl.invokeMethod(MetaClassImpl.java:1016) ~[groovy-2.4.3.jar:2.4.3]
	at groovy.lang.Closure.call(Closure.java:423) ~[groovy-2.4.3.jar:2.4.3]
	at groovy.lang.Closure.call(Closure.java:417) ~[groovy-2.4.3.jar:2.4.3]
	at org.grails.taglib.TagBodyClosure.executeClosure(TagBodyClosure.java:200) ~[grails-taglib-3.0.1.jar:3.0.1]
	at org.grails.taglib.TagBodyClosure.captureClosureOutput(TagBodyClosure.java:102) ~[grails-taglib-3.0.1.jar:3.0.1]
	at org.grails.taglib.TagBodyClosure.call(TagBodyClosure.java:213) ~[grails-taglib-3.0.1.jar:3.0.1]
	at org.grails.plugins.web.taglib.SitemeshTagLib.captureTagContent(SitemeshTagLib.groovy:48) ~[grails-web-gsp-taglib-3.0.1.jar:3.0.1]
	at org.grails.plugins.web.taglib.SitemeshTagLib.captureTagContent(SitemeshTagLib.groovy) ~[grails-web-gsp-taglib-3.0.1.jar:3.0.1]
	at org.grails.plugins.web.taglib.SitemeshTagLib$_closure3.doCall(SitemeshTagLib.groovy:156) ~[grails-web-gsp-taglib-3.0.1.jar:3.0.1]
	at sun.reflect.NativeMethodAccessorImpl.invoke0(Native Method) ~[na:1.7.0_75]
	at sun.reflect.NativeMethodAccessorImpl.invoke(NativeMethodAccessorImpl.java:57) ~[na:1.7.0_75]
	at sun.reflect.DelegatingMethodAccessorImpl.invoke(DelegatingMethodAccessorImpl.java:43) ~[na:1.7.0_75]
	at java.lang.reflect.Method.invoke(Method.java:606) ~[na:1.7.0_75]
	at org.springsource.loaded.ri.ReflectiveInterceptor.jlrMethodInvoke(ReflectiveInterceptor.java:1270) ~[springloaded-1.2.3.RELEASE.jar:1.2.3.RELEASE]
	at org.codehaus.groovy.reflection.CachedMethod.invoke(CachedMethod.java:90) ~[groovy-2.4.3.jar:2.4.3]
	at groovy.lang.MetaMethod.doMethodInvoke(MetaMethod.java:324) ~[groovy-2.4.3.jar:2.4.3]
	at org.codehaus.groovy.runtime.metaclass.ClosureMetaClass.invokeMethod(ClosureMetaClass.java:292) ~[groovy-2.4.3.jar:2.4.3]
	at groovy.lang.MetaClassImpl.invokeMethod(MetaClassImpl.java:1016) ~[groovy-2.4.3.jar:2.4.3]
	at groovy.lang.Closure.call(Closure.java:423) ~[groovy-2.4.3.jar:2.4.3]
	at org.grails.gsp.GroovyPage.invokeTagLibClosure(GroovyPage.java:419) ~[grails-gsp-3.0.1.jar:3.0.1]
	at org.grails.gsp.GroovyPage.invokeTag(GroovyPage.java:337) ~[grails-gsp-3.0.1.jar:3.0.1]
	at org.grails.gsp.GroovyPage$invokeTag$4.callCurrent(Unknown Source) ~[na:na]
	at home_vagrant_DashBoard_DashBoard_grails_app_views_index_gsp.run(home_vagrant_DashBoard_DashBoard_grails_app_views_index_gsp:72) ~[na:na]
	at org.grails.gsp.GroovyPageWritable.doWriteTo(GroovyPageWritable.java:191) ~[grails-gsp-3.0.1.jar:3.0.1]
	at org.grails.gsp.GroovyPageWritable.writeTo(GroovyPageWritable.java:109) ~[grails-gsp-3.0.1.jar:3.0.1]
	at org.grails.web.servlet.view.GroovyPageView.renderTemplate(GroovyPageView.java:72) ~[grails-web-gsp-3.0.1.jar:3.0.1]
	at org.grails.web.servlet.view.AbstractGrailsView.renderWithinGrailsWebRequest(AbstractGrailsView.java:71) [grails-web-common-3.0.1.jar:3.0.1]
	at org.grails.web.servlet.view.AbstractGrailsView.renderMergedOutputModel(AbstractGrailsView.java:55) [grails-web-common-3.0.1.jar:3.0.1]
	at org.springframework.web.servlet.view.AbstractView.render(AbstractView.java:303) [spring-webmvc-4.1.6.RELEASE.jar:4.1.6.RELEASE]
	at org.grails.web.sitemesh.GrailsLayoutView.renderInnerView(GrailsLayoutView.java:116) [grails-web-sitemesh-3.0.1.jar:3.0.1]
	at org.grails.web.sitemesh.GrailsLayoutView.obtainContent(GrailsLayoutView.java:97) [grails-web-sitemesh-3.0.1.jar:3.0.1]
	at org.grails.web.sitemesh.GrailsLayoutView.renderTemplate(GrailsLayoutView.java:55) [grails-web-sitemesh-3.0.1.jar:3.0.1]
	at org.grails.web.servlet.view.AbstractGrailsView.renderWithinGrailsWebRequest(AbstractGrailsView.java:71) [grails-web-common-3.0.1.jar:3.0.1]
	at org.grails.web.servlet.view.AbstractGrailsView.renderMergedOutputModel(AbstractGrailsView.java:55) [grails-web-common-3.0.1.jar:3.0.1]
	at org.springframework.web.servlet.view.AbstractView.render(AbstractView.java:303) [spring-webmvc-4.1.6.RELEASE.jar:4.1.6.RELEASE]
	at org.springframework.web.servlet.DispatcherServlet.render(DispatcherServlet.java:1244) [spring-webmvc-4.1.6.RELEASE.jar:4.1.6.RELEASE]
	at org.springframework.web.servlet.DispatcherServlet.processDispatchResult(DispatcherServlet.java:1027) [spring-webmvc-4.1.6.RELEASE.jar:4.1.6.RELEASE]
	at org.springframework.web.servlet.DispatcherServlet.doDispatch(DispatcherServlet.java:971) [spring-webmvc-4.1.6.RELEASE.jar:4.1.6.RELEASE]
	at org.springframework.web.servlet.DispatcherServlet.doService(DispatcherServlet.java:893) [spring-webmvc-4.1.6.RELEASE.jar:4.1.6.RELEASE]
	at org.springframework.web.servlet.FrameworkServlet.processRequest(FrameworkServlet.java:966) [spring-webmvc-4.1.6.RELEASE.jar:4.1.6.RELEASE]
	at org.springframework.web.servlet.FrameworkServlet.doGet(FrameworkServlet.java:857) [spring-webmvc-4.1.6.RELEASE.jar:4.1.6.RELEASE]
	at javax.servlet.http.HttpServlet.service(HttpServlet.java:618) [tomcat-embed-core-8.0.20.jar:8.0.20]
	at org.springframework.web.servlet.FrameworkServlet.service(FrameworkServlet.java:842) [spring-webmvc-4.1.6.RELEASE.jar:4.1.6.RELEASE]
	at javax.servlet.http.HttpServlet.service(HttpServlet.java:725) [tomcat-embed-core-8.0.20.jar:8.0.20]
	at org.apache.catalina.core.ApplicationFilterChain.internalDoFilter(ApplicationFilterChain.java:291) [tomcat-embed-core-8.0.20.jar:8.0.20]
	at org.apache.catalina.core.ApplicationFilterChain.doFilter(ApplicationFilterChain.java:206) [tomcat-embed-core-8.0.20.jar:8.0.20]
	at org.apache.tomcat.websocket.server.WsFilter.doFilter(WsFilter.java:52) [tomcat-embed-websocket-8.0.20.jar:8.0.20]
	at org.apache.catalina.core.ApplicationFilterChain.internalDoFilter(ApplicationFilterChain.java:239) [tomcat-embed-core-8.0.20.jar:8.0.20]
	at org.apache.catalina.core.ApplicationFilterChain.doFilter(ApplicationFilterChain.java:206) [tomcat-embed-core-8.0.20.jar:8.0.20]
	at org.springframework.boot.actuate.autoconfigure.EndpointWebMvcAutoConfiguration$ApplicationContextHeaderFilter.doFilterInternal(EndpointWebMvcAutoConfiguration.java:291) [spring-boot-actuator-1.2.3.RELEASE.jar:1.2.3.RELEASE]
	at org.springframework.web.filter.OncePerRequestFilter.doFilter(OncePerRequestFilter.java:107) [spring-web-4.1.6.RELEASE.jar:4.1.6.RELEASE]
	at org.apache.catalina.core.ApplicationFilterChain.internalDoFilter(ApplicationFilterChain.java:239) [tomcat-embed-core-8.0.20.jar:8.0.20]
	at org.apache.catalina.core.ApplicationFilterChain.doFilter(ApplicationFilterChain.java:206) [tomcat-embed-core-8.0.20.jar:8.0.20]
	at org.springframework.boot.actuate.trace.WebRequestTraceFilter.doFilterInternal(WebRequestTraceFilter.java:102) [spring-boot-actuator-1.2.3.RELEASE.jar:1.2.3.RELEASE]
	at org.springframework.web.filter.OncePerRequestFilter.doFilter(OncePerRequestFilter.java:107) [spring-web-4.1.6.RELEASE.jar:4.1.6.RELEASE]
	at org.apache.catalina.core.ApplicationFilterChain.internalDoFilter(ApplicationFilterChain.java:239) [tomcat-embed-core-8.0.20.jar:8.0.20]
	at org.apache.catalina.core.ApplicationFilterChain.doFilter(ApplicationFilterChain.java:206) [tomcat-embed-core-8.0.20.jar:8.0.20]
	at org.grails.web.servlet.mvc.GrailsWebRequestFilter.doFilterInternal(GrailsWebRequestFilter.java:73) [grails-web-mvc-3.0.1.jar:3.0.1]
	at org.springframework.web.filter.OncePerRequestFilter.doFilter(OncePerRequestFilter.java:107) [spring-web-4.1.6.RELEASE.jar:4.1.6.RELEASE]
	at org.apache.catalina.core.ApplicationFilterChain.internalDoFilter(ApplicationFilterChain.java:239) [tomcat-embed-core-8.0.20.jar:8.0.20]
	at org.apache.catalina.core.ApplicationFilterChain.doFilter(ApplicationFilterChain.java:206) [tomcat-embed-core-8.0.20.jar:8.0.20]
	at org.grails.web.filters.HiddenHttpMethodFilter.doFilterInternal(HiddenHttpMethodFilter.java:67) [grails-web-mvc-3.0.1.jar:3.0.1]
	at org.springframework.web.filter.OncePerRequestFilter.doFilter(OncePerRequestFilter.java:107) [spring-web-4.1.6.RELEASE.jar:4.1.6.RELEASE]
	at org.apache.catalina.core.ApplicationFilterChain.internalDoFilter(ApplicationFilterChain.java:239) [tomcat-embed-core-8.0.20.jar:8.0.20]
	at org.apache.catalina.core.ApplicationFilterChain.doFilter(ApplicationFilterChain.java:206) [tomcat-embed-core-8.0.20.jar:8.0.20]
	at org.springframework.web.filter.CharacterEncodingFilter.doFilterInternal(CharacterEncodingFilter.java:85) [spring-web-4.1.6.RELEASE.jar:4.1.6.RELEASE]
	at org.springframework.web.filter.OncePerRequestFilter.doFilter(OncePerRequestFilter.java:107) [spring-web-4.1.6.RELEASE.jar:4.1.6.RELEASE]
	at org.apache.catalina.core.ApplicationFilterChain.internalDoFilter(ApplicationFilterChain.java:239) [tomcat-embed-core-8.0.20.jar:8.0.20]
	at org.apache.catalina.core.ApplicationFilterChain.doFilter(ApplicationFilterChain.java:206) [tomcat-embed-core-8.0.20.jar:8.0.20]
	at org.springframework.boot.actuate.autoconfigure.MetricFilterAutoConfiguration$MetricsFilter.doFilterInternal(MetricFilterAutoConfiguration.java:90) [spring-boot-actuator-1.2.3.RELEASE.jar:1.2.3.RELEASE]
	at org.springframework.web.filter.OncePerRequestFilter.doFilter(OncePerRequestFilter.java:107) [spring-web-4.1.6.RELEASE.jar:4.1.6.RELEASE]
	at org.apache.catalina.core.ApplicationFilterChain.internalDoFilter(ApplicationFilterChain.java:239) [tomcat-embed-core-8.0.20.jar:8.0.20]
	at org.apache.catalina.core.ApplicationFilterChain.doFilter(ApplicationFilterChain.java:206) [tomcat-embed-core-8.0.20.jar:8.0.20]
	at org.apache.catalina.core.StandardWrapperValve.invoke(StandardWrapperValve.java:219) [tomcat-embed-core-8.0.20.jar:8.0.20]
	at org.apache.catalina.core.StandardContextValve.invoke(StandardContextValve.java:106) [tomcat-embed-core-8.0.20.jar:8.0.20]
	at org.apache.catalina.authenticator.AuthenticatorBase.invoke(AuthenticatorBase.java:501) [tomcat-embed-core-8.0.20.jar:8.0.20]
	at org.apache.catalina.core.StandardHostValve.invoke(StandardHostValve.java:142) [tomcat-embed-core-8.0.20.jar:8.0.20]
	at org.apache.catalina.valves.ErrorReportValve.invoke(ErrorReportValve.java:79) [tomcat-embed-core-8.0.20.jar:8.0.20]
	at org.apache.catalina.core.StandardEngineValve.invoke(StandardEngineValve.java:88) [tomcat-embed-core-8.0.20.jar:8.0.20]
	at org.apache.catalina.connector.CoyoteAdapter.service(CoyoteAdapter.java:516) [tomcat-embed-core-8.0.20.jar:8.0.20]
	at org.apache.coyote.http11.AbstractHttp11Processor.process(AbstractHttp11Processor.java:1086) [tomcat-embed-core-8.0.20.jar:8.0.20]
	at org.apache.coyote.AbstractProtocol$AbstractConnectionHandler.process(AbstractProtocol.java:659) [tomcat-embed-core-8.0.20.jar:8.0.20]
	at org.apache.coyote.http11.Http11NioProtocol$Http11ConnectionHandler.process(Http11NioProtocol.java:223) [tomcat-embed-core-8.0.20.jar:8.0.20]
	at org.apache.tomcat.util.net.NioEndpoint$SocketProcessor.doRun(NioEndpoint.java:1558) [tomcat-embed-core-8.0.20.jar:8.0.20]
	at org.apache.tomcat.util.net.NioEndpoint$SocketProcessor.run(NioEndpoint.java:1515) [tomcat-embed-core-8.0.20.jar:8.0.20]
	at java.util.concurrent.ThreadPoolExecutor.runWorker(ThreadPoolExecutor.java:1145) [na:1.7.0_75]
	at java.util.concurrent.ThreadPoolExecutor$Worker.run(ThreadPoolExecutor.java:615) [na:1.7.0_75]
	at org.apache.tomcat.util.threads.TaskThread$WrappingRunnable.run(TaskThread.java:61) [tomcat-embed-core-8.0.20.jar:8.0.20]
	at java.lang.Thread.run(Thread.java:745) [na:1.7.0_75]
ERROR StackTrace - Full Stack Trace:
org.grails.gsp.GroovyPagesException: Error evaluating expression [applicationContext.getBean('pluginManager').allPlugins] on line [101]: org.springframework.boot.context.embedded.AnnotationConfigEmbeddedWebApplicationContext@452eb53d has been closed already
	at home_vagrant_DashBoard_DashBoard_grails_app_views_index_gsp$_run_closure2.doCall(home_vagrant_DashBoard_DashBoard_grails_app_views_index_gsp:54) ~[na:na]
	at home_vagrant_DashBoard_DashBoard_grails_app_views_index_gsp.run(home_vagrant_DashBoard_DashBoard_grails_app_views_index_gsp:72) ~[na:na]
	at java.util.concurrent.ThreadPoolExecutor.runWorker(ThreadPoolExecutor.java:1145) ~[na:1.7.0_75]
	at java.util.concurrent.ThreadPoolExecutor$Worker.run(ThreadPoolExecutor.java:615) ~[na:1.7.0_75]
	at java.lang.Thread.run(Thread.java:745) [na:1.7.0_75]
Caused by: java.lang.IllegalStateException: org.springframework.boot.context.embedded.AnnotationConfigEmbeddedWebApplicationContext@452eb53d has been closed already
	at home_vagrant_DashBoard_DashBoard_grails_app_views_index_gsp$_run_closure2$_closure20.doCall(home_vagrant_DashBoard_DashBoard_grails_app_views_index_gsp:54) ~[na:na]
	... 5 common frames omitted
ERROR StackTrace - Full Stack Trace:
org.grails.gsp.GroovyPagesException: Error evaluating expression [applicationContext.getBean('pluginManager').allPlugins] on line [101]: org.springframework.boot.context.embedded.AnnotationConfigEmbeddedWebApplicationContext@452eb53d has been closed already
	at home_vagrant_DashBoard_DashBoard_grails_app_views_index_gsp$_run_closure2.doCall(home_vagrant_DashBoard_DashBoard_grails_app_views_index_gsp:54) ~[na:na]
	at home_vagrant_DashBoard_DashBoard_grails_app_views_index_gsp.run(home_vagrant_DashBoard_DashBoard_grails_app_views_index_gsp:72) ~[na:na]
	at java.util.concurrent.ThreadPoolExecutor.runWorker(ThreadPoolExecutor.java:1145) ~[na:1.7.0_75]
	at java.util.concurrent.ThreadPoolExecutor$Worker.run(ThreadPoolExecutor.java:615) ~[na:1.7.0_75]
	at java.lang.Thread.run(Thread.java:745) [na:1.7.0_75]
Caused by: java.lang.IllegalStateException: org.springframework.boot.context.embedded.AnnotationConfigEmbeddedWebApplicationContext@452eb53d has been closed already
	at home_vagrant_DashBoard_DashBoard_grails_app_views_index_gsp$_run_closure2$_closure20.doCall(home_vagrant_DashBoard_DashBoard_grails_app_views_index_gsp:54) ~[na:na]
	... 5 common frames omitted
