#
# There is insufficient memory for the Java Runtime Environment to continue.
# Native memory allocation (malloc) failed to allocate 536870912 bytes for committing reserved memory.
# Possible reasons:
#   The system is out of physical RAM or swap space
#   In 32 bit mode, the process size limit was hit
# Possible solutions:
#   Reduce memory load on the system
#   Increase physical memory or swap space
#   Check if swap backing store is full
#   Use 64 bit Java on a 64 bit OS
#   Decrease Java heap size (-Xmx/-Xms)
#   Decrease number of Java threads
#   Decrease Java thread stack sizes (-Xss)
#   Set larger code cache with -XX:ReservedCodeCacheSize=
# This output file may be truncated or incomplete.
#
#  Out of Memory Error (os_linux.cpp:2798), pid=5618, tid=139986228061952
#
# JRE version:  (7.0_75-b13) (build )
# Java VM: OpenJDK 64-Bit Server VM (24.75-b04 mixed mode linux-amd64 compressed oops)
# Derivative: IcedTea 2.5.4
# Distribution: Ubuntu 12.04 LTS, package 7u75-2.5.4-1~precise1
# Failed to write core dump. Core dumps have been disabled. To enable core dumping, try "ulimit -c unlimited" before starting Java again
#

---------------  T H R E A D  ---------------

Current thread (0x00007f510c017800):  JavaThread "Unknown thread" [_thread_in_vm, id=5624, stack(0x00007f511555a000,0x00007f511565b000)]

Stack: [0x00007f511555a000,0x00007f511565b000],  sp=0x00007f51156594d0,  free space=1021k
Native frames: (J=compiled Java code, j=interpreted, Vv=VM code, C=native code)
V  [libjvm.so+0x926043]  VMError::report_and_die()+0x173
V  [libjvm.so+0x488be0]  report_vm_out_of_memory(char const*, int, unsigned long, char const*)+0x70
V  [libjvm.so+0x7ab063]  os::pd_commit_memory(char*, unsigned long, unsigned long, bool)+0x103
V  [libjvm.so+0x7a4d56]  os::commit_memory(char*, unsigned long, unsigned long, bool)+0x26
V  [libjvm.so+0x922eb7]  VirtualSpace::initialize(ReservedSpace, unsigned long)+0x267
V  [libjvm.so+0x556ec7]  CardGeneration::CardGeneration(ReservedSpace, unsigned long, int, GenRemSet*)+0x127
V  [libjvm.so+0x8d7573]  TenuredGeneration::TenuredGeneration(ReservedSpace, unsigned long, int, GenRemSet*)+0x83
V  [libjvm.so+0x557a0c]  GenerationSpec::init(ReservedSpace, int, GenRemSet*)+0xec
V  [libjvm.so+0x549211]  GenCollectedHeap::initialize()+0x2f1
V  [libjvm.so+0x8f7966]  Universe::initialize_heap()+0xc6
V  [libjvm.so+0x8f7ca4]  universe_init()+0x64
V  [libjvm.so+0x58f3af]  init_globals()+0x4f
V  [libjvm.so+0x8de2a9]  Threads::create_vm(JavaVMInitArgs*, bool*)+0x329
V  [libjvm.so+0x5f9eaa]  JNI_CreateJavaVM+0x5a
C  [libjli.so+0x2a47]


---------------  P R O C E S S  ---------------

Java Threads: ( => current thread )

Other Threads:

=>0x00007f510c017800 (exited) JavaThread "Unknown thread" [_thread_in_vm, id=5624, stack(0x00007f511555a000,0x00007f511565b000)]

VM state:not at safepoint (not fully initialized)

VM Mutex/Monitor currently owned by a thread: None

GC Heap History (0 events):
No events

Deoptimization events (0 events):
No events

Internal exceptions (0 events):
No events

Events (0 events):
No events


Dynamic libraries:
00400000-00401000 r-xp 00000000 fc:00 3543486                            /usr/lib/jvm/java-7-openjdk-amd64/jre/bin/java
00600000-00601000 r--p 00000000 fc:00 3543486                            /usr/lib/jvm/java-7-openjdk-amd64/jre/bin/java
00601000-00602000 rw-p 00001000 fc:00 3543486                            /usr/lib/jvm/java-7-openjdk-amd64/jre/bin/java
0231a000-0233b000 rw-p 00000000 00:00 0                                  [heap]
c0000000-d0000000 rw-p 00000000 00:00 0 
f0000000-100000000 rw-p 00000000 00:00 0 
7f5106000000-7f5106270000 rwxp 00000000 00:00 0 
7f5106270000-7f510c031000 rw-p 00000000 00:00 0 
7f510c031000-7f5110000000 ---p 00000000 00:00 0 
7f5111add000-7f5111cc1000 rw-p 00000000 00:00 0 
7f5111cc1000-7f5111e41000 rw-p 00000000 00:00 0 
7f5111e41000-7f5111e4c000 rw-p 00000000 00:00 0 
7f5111e4c000-7f5111fc2000 rw-p 00000000 00:00 0 
7f5111fc2000-7f5111fca000 r-xp 00000000 fc:00 3543403                    /usr/lib/jvm/java-7-openjdk-amd64/jre/lib/amd64/libzip.so
7f5111fca000-7f51121c9000 ---p 00008000 fc:00 3543403                    /usr/lib/jvm/java-7-openjdk-amd64/jre/lib/amd64/libzip.so
7f51121c9000-7f51121ca000 r--p 00007000 fc:00 3543403                    /usr/lib/jvm/java-7-openjdk-amd64/jre/lib/amd64/libzip.so
7f51121ca000-7f51121cb000 rw-p 00008000 fc:00 3543403                    /usr/lib/jvm/java-7-openjdk-amd64/jre/lib/amd64/libzip.so
7f51121cb000-7f51121d7000 r-xp 00000000 fc:00 2752543                    /lib/x86_64-linux-gnu/libnss_files-2.15.so
7f51121d7000-7f51123d6000 ---p 0000c000 fc:00 2752543                    /lib/x86_64-linux-gnu/libnss_files-2.15.so
7f51123d6000-7f51123d7000 r--p 0000b000 fc:00 2752543                    /lib/x86_64-linux-gnu/libnss_files-2.15.so
7f51123d7000-7f51123d8000 rw-p 0000c000 fc:00 2752543                    /lib/x86_64-linux-gnu/libnss_files-2.15.so
7f51123d8000-7f51123e2000 r-xp 00000000 fc:00 2752544                    /lib/x86_64-linux-gnu/libnss_nis-2.15.so
7f51123e2000-7f51125e2000 ---p 0000a000 fc:00 2752544                    /lib/x86_64-linux-gnu/libnss_nis-2.15.so
7f51125e2000-7f51125e3000 r--p 0000a000 fc:00 2752544                    /lib/x86_64-linux-gnu/libnss_nis-2.15.so
7f51125e3000-7f51125e4000 rw-p 0000b000 fc:00 2752544                    /lib/x86_64-linux-gnu/libnss_nis-2.15.so
7f51125e4000-7f51125fb000 r-xp 00000000 fc:00 2752538                    /lib/x86_64-linux-gnu/libnsl-2.15.so
7f51125fb000-7f51127fa000 ---p 00017000 fc:00 2752538                    /lib/x86_64-linux-gnu/libnsl-2.15.so
7f51127fa000-7f51127fb000 r--p 00016000 fc:00 2752538                    /lib/x86_64-linux-gnu/libnsl-2.15.so
7f51127fb000-7f51127fc000 rw-p 00017000 fc:00 2752538                    /lib/x86_64-linux-gnu/libnsl-2.15.so
7f51127fc000-7f51127fe000 rw-p 00000000 00:00 0 
7f51127fe000-7f5112806000 r-xp 00000000 fc:00 2752546                    /lib/x86_64-linux-gnu/libnss_compat-2.15.so
7f5112806000-7f5112a05000 ---p 00008000 fc:00 2752546                    /lib/x86_64-linux-gnu/libnss_compat-2.15.so
7f5112a05000-7f5112a06000 r--p 00007000 fc:00 2752546                    /lib/x86_64-linux-gnu/libnss_compat-2.15.so
7f5112a06000-7f5112a07000 rw-p 00008000 fc:00 2752546                    /lib/x86_64-linux-gnu/libnss_compat-2.15.so
7f5112a07000-7f5112a11000 r-xp 00000000 fc:00 3543422                    /usr/lib/jvm/java-7-openjdk-amd64/jre/lib/amd64/libinstrument.so
7f5112a11000-7f5112c10000 ---p 0000a000 fc:00 3543422                    /usr/lib/jvm/java-7-openjdk-amd64/jre/lib/amd64/libinstrument.so
7f5112c10000-7f5112c11000 r--p 00009000 fc:00 3543422                    /usr/lib/jvm/java-7-openjdk-amd64/jre/lib/amd64/libinstrument.so
7f5112c11000-7f5112c12000 rw-p 0000a000 fc:00 3543422                    /usr/lib/jvm/java-7-openjdk-amd64/jre/lib/amd64/libinstrument.so
7f5112c12000-7f5112c3b000 r-xp 00000000 fc:00 3543398                    /usr/lib/jvm/java-7-openjdk-amd64/jre/lib/amd64/libjava.so
7f5112c3b000-7f5112e3a000 ---p 00029000 fc:00 3543398                    /usr/lib/jvm/java-7-openjdk-amd64/jre/lib/amd64/libjava.so
7f5112e3a000-7f5112e3b000 r--p 00028000 fc:00 3543398                    /usr/lib/jvm/java-7-openjdk-amd64/jre/lib/amd64/libjava.so
7f5112e3b000-7f5112e3d000 rw-p 00029000 fc:00 3543398                    /usr/lib/jvm/java-7-openjdk-amd64/jre/lib/amd64/libjava.so
7f5112e3d000-7f5112e4b000 r-xp 00000000 fc:00 3543415                    /usr/lib/jvm/java-7-openjdk-amd64/jre/lib/amd64/libverify.so
7f5112e4b000-7f511304a000 ---p 0000e000 fc:00 3543415                    /usr/lib/jvm/java-7-openjdk-amd64/jre/lib/amd64/libverify.so
7f511304a000-7f511304c000 r--p 0000d000 fc:00 3543415                    /usr/lib/jvm/java-7-openjdk-amd64/jre/lib/amd64/libverify.so
7f511304c000-7f511304d000 rw-p 0000f000 fc:00 3543415                    /usr/lib/jvm/java-7-openjdk-amd64/jre/lib/amd64/libverify.so
7f511304d000-7f5113054000 r-xp 00000000 fc:00 2752540                    /lib/x86_64-linux-gnu/librt-2.15.so
7f5113054000-7f5113253000 ---p 00007000 fc:00 2752540                    /lib/x86_64-linux-gnu/librt-2.15.so
7f5113253000-7f5113254000 r--p 00006000 fc:00 2752540                    /lib/x86_64-linux-gnu/librt-2.15.so
7f5113254000-7f5113255000 rw-p 00007000 fc:00 2752540                    /lib/x86_64-linux-gnu/librt-2.15.so
7f5113255000-7f511326a000 r-xp 00000000 fc:00 2752556                    /lib/x86_64-linux-gnu/libgcc_s.so.1
7f511326a000-7f5113469000 ---p 00015000 fc:00 2752556                    /lib/x86_64-linux-gnu/libgcc_s.so.1
7f5113469000-7f511346a000 r--p 00014000 fc:00 2752556                    /lib/x86_64-linux-gnu/libgcc_s.so.1
7f511346a000-7f511346b000 rw-p 00015000 fc:00 2752556                    /lib/x86_64-linux-gnu/libgcc_s.so.1
7f511346b000-7f5113564000 r-xp 00000000 fc:00 2752529                    /lib/x86_64-linux-gnu/libm-2.15.so
7f5113564000-7f5113763000 ---p 000f9000 fc:00 2752529                    /lib/x86_64-linux-gnu/libm-2.15.so
7f5113763000-7f5113764000 r--p 000f8000 fc:00 2752529                    /lib/x86_64-linux-gnu/libm-2.15.so
7f5113764000-7f5113765000 rw-p 000f9000 fc:00 2752529                    /lib/x86_64-linux-gnu/libm-2.15.so
7f5113765000-7f5113847000 r-xp 00000000 fc:00 3412870                    /usr/lib/x86_64-linux-gnu/libstdc++.so.6.0.16
7f5113847000-7f5113a46000 ---p 000e2000 fc:00 3412870                    /usr/lib/x86_64-linux-gnu/libstdc++.so.6.0.16
7f5113a46000-7f5113a4e000 r--p 000e1000 fc:00 3412870                    /usr/lib/x86_64-linux-gnu/libstdc++.so.6.0.16
7f5113a4e000-7f5113a50000 rw-p 000e9000 fc:00 3412870                    /usr/lib/x86_64-linux-gnu/libstdc++.so.6.0.16
7f5113a50000-7f5113a65000 rw-p 00000000 00:00 0 
7f5113a65000-7f5114554000 r-xp 00000000 fc:00 3543429                    /usr/lib/jvm/java-7-openjdk-amd64/jre/lib/amd64/server/libjvm.so
7f5114554000-7f5114753000 ---p 00aef000 fc:00 3543429                    /usr/lib/jvm/java-7-openjdk-amd64/jre/lib/amd64/server/libjvm.so
7f5114753000-7f51147f4000 r--p 00aee000 fc:00 3543429                    /usr/lib/jvm/java-7-openjdk-amd64/jre/lib/amd64/server/libjvm.so
7f51147f4000-7f5114817000 rw-p 00b8f000 fc:00 3543429                    /usr/lib/jvm/java-7-openjdk-amd64/jre/lib/amd64/server/libjvm.so
7f5114817000-7f5114844000 rw-p 00000000 00:00 0 
7f5114844000-7f511485a000 r-xp 00000000 fc:00 2752740                    /lib/x86_64-linux-gnu/libz.so.1.2.3.4
7f511485a000-7f5114a59000 ---p 00016000 fc:00 2752740                    /lib/x86_64-linux-gnu/libz.so.1.2.3.4
7f5114a59000-7f5114a5a000 r--p 00015000 fc:00 2752740                    /lib/x86_64-linux-gnu/libz.so.1.2.3.4
7f5114a5a000-7f5114a5b000 rw-p 00016000 fc:00 2752740                    /lib/x86_64-linux-gnu/libz.so.1.2.3.4
7f5114a5b000-7f5114a73000 r-xp 00000000 fc:00 2752554                    /lib/x86_64-linux-gnu/libpthread-2.15.so
7f5114a73000-7f5114c72000 ---p 00018000 fc:00 2752554                    /lib/x86_64-linux-gnu/libpthread-2.15.so
7f5114c72000-7f5114c73000 r--p 00017000 fc:00 2752554                    /lib/x86_64-linux-gnu/libpthread-2.15.so
7f5114c73000-7f5114c74000 rw-p 00018000 fc:00 2752554                    /lib/x86_64-linux-gnu/libpthread-2.15.so
7f5114c74000-7f5114c78000 rw-p 00000000 00:00 0 
7f5114c78000-7f5114c7a000 r-xp 00000000 fc:00 2752550                    /lib/x86_64-linux-gnu/libdl-2.15.so
7f5114c7a000-7f5114e7a000 ---p 00002000 fc:00 2752550                    /lib/x86_64-linux-gnu/libdl-2.15.so
7f5114e7a000-7f5114e7b000 r--p 00002000 fc:00 2752550                    /lib/x86_64-linux-gnu/libdl-2.15.so
7f5114e7b000-7f5114e7c000 rw-p 00003000 fc:00 2752550                    /lib/x86_64-linux-gnu/libdl-2.15.so
7f5114e7c000-7f511502f000 r-xp 00000000 fc:00 2752530                    /lib/x86_64-linux-gnu/libc-2.15.so
7f511502f000-7f511522e000 ---p 001b3000 fc:00 2752530                    /lib/x86_64-linux-gnu/libc-2.15.so
7f511522e000-7f5115232000 r--p 001b2000 fc:00 2752530                    /lib/x86_64-linux-gnu/libc-2.15.so
7f5115232000-7f5115234000 rw-p 001b6000 fc:00 2752530                    /lib/x86_64-linux-gnu/libc-2.15.so
7f5115234000-7f5115239000 rw-p 00000000 00:00 0 
7f5115239000-7f5115246000 r-xp 00000000 fc:00 3543435                    /usr/lib/jvm/java-7-openjdk-amd64/jre/lib/amd64/jli/libjli.so
7f5115246000-7f5115445000 ---p 0000d000 fc:00 3543435                    /usr/lib/jvm/java-7-openjdk-amd64/jre/lib/amd64/jli/libjli.so
7f5115445000-7f5115446000 r--p 0000c000 fc:00 3543435                    /usr/lib/jvm/java-7-openjdk-amd64/jre/lib/amd64/jli/libjli.so
7f5115446000-7f5115447000 rw-p 0000d000 fc:00 3543435                    /usr/lib/jvm/java-7-openjdk-amd64/jre/lib/amd64/jli/libjli.so
7f5115447000-7f5115469000 r-xp 00000000 fc:00 2752534                    /lib/x86_64-linux-gnu/ld-2.15.so
7f5115477000-7f5115552000 rw-p 00000000 00:00 0 
7f5115552000-7f511555a000 rw-s 00000000 fc:00 4592866                    /tmp/hsperfdata_vagrant/5618
7f511555a000-7f511555d000 ---p 00000000 00:00 0 
7f511555d000-7f5115660000 rw-p 00000000 00:00 0 
7f5115663000-7f5115666000 rw-p 00000000 00:00 0 
7f5115666000-7f5115667000 r--p 00000000 00:00 0 
7f5115667000-7f5115669000 rw-p 00000000 00:00 0 
7f5115669000-7f511566a000 r--p 00022000 fc:00 2752534                    /lib/x86_64-linux-gnu/ld-2.15.so
7f511566a000-7f511566c000 rw-p 00023000 fc:00 2752534                    /lib/x86_64-linux-gnu/ld-2.15.so
7fff616b5000-7fff616dc000 rw-p 00000000 00:00 0                          [stack]
7fff617ed000-7fff617ee000 r-xp 00000000 00:00 0                          [vdso]
ffffffffff600000-ffffffffff601000 r-xp 00000000 00:00 0                  [vsyscall]

VM Arguments:
jvm_args: -Denv=development -Dgrails.env=development -Dgrails.full.stacktrace -Dinfo.app.grailsVersion=3.0.1 -Dinfo.app.name=DashBoard -Dinfo.app.version=0.1 -XX:PermSize=96m -XX:MaxPermSize=256m -XX:+TieredCompilation -XX:TieredStopAtLevel=1 -XX:CICompilerCount=3 -javaagent:/home/vagrant/.gradle/caches/modules-2/files-2.1/org.springframework/springloaded/1.2.3.RELEASE/adb44a1feaae2d717b534fec52210f1838de4aed/springloaded-1.2.3.RELEASE.jar -Xverify:none -Xms768m -Xmx768m -Dfile.encoding=ISO-8859-1 -Duser.country=US -Duser.language=en -Duser.variant 
java_command: dashboard.Application
Launcher Type: SUN_STANDARD

Environment Variables:
JAVA_HOME=/usr/lib/jvm/java-7-openjdk-amd64
PATH=/home/vagrant/.gvm/vertx/current/bin:/home/vagrant/.gvm/springboot/current/bin:/home/vagrant/.gvm/lazybones/current/bin:/home/vagrant/.gvm/jbake/current/bin:/home/vagrant/.gvm/groovyserv/current/bin:/home/vagrant/.gvm/groovy/current/bin:/home/vagrant/.gvm/griffon/current/bin:/home/vagrant/.gvm/grails/current/bin:/home/vagrant/.gvm/gradle/current/bin:/home/vagrant/.gvm/glide/current/bin:/home/vagrant/.gvm/gaiden/current/bin:/home/vagrant/.gvm/crash/current/bin:/home/vagrant/.gvm/asciidoctorj/current/bin:/usr/local/sbin:/usr/local/bin:/usr/sbin:/usr/bin:/sbin:/bin:/usr/games:/opt/vagrant_ruby/bin
SHELL=/bin/bash

Signal Handlers:
SIGSEGV: [libjvm.so+0x926aa0], sa_mask[0]=0x7ffbfeff, sa_flags=0x10000004
SIGBUS: [libjvm.so+0x926aa0], sa_mask[0]=0x7ffbfeff, sa_flags=0x10000004
SIGFPE: [libjvm.so+0x7a59e0], sa_mask[0]=0x7ffbfeff, sa_flags=0x10000004
SIGPIPE: [libjvm.so+0x7a59e0], sa_mask[0]=0x7ffbfeff, sa_flags=0x10000004
SIGXFSZ: [libjvm.so+0x7a59e0], sa_mask[0]=0x7ffbfeff, sa_flags=0x10000004
SIGILL: [libjvm.so+0x7a59e0], sa_mask[0]=0x7ffbfeff, sa_flags=0x10000004
SIGUSR1: SIG_DFL, sa_mask[0]=0x00000000, sa_flags=0x00000000
SIGUSR2: [libjvm.so+0x7a5c00], sa_mask[0]=0x00000004, sa_flags=0x10000004
SIGHUP: SIG_DFL, sa_mask[0]=0x00000000, sa_flags=0x00000000
SIGINT: SIG_DFL, sa_mask[0]=0x00000000, sa_flags=0x00000000
SIGTERM: SIG_DFL, sa_mask[0]=0x00000000, sa_flags=0x00000000
SIGQUIT: SIG_DFL, sa_mask[0]=0x00000000, sa_flags=0x00000000
SIGTRAP: SIG_DFL, sa_mask[0]=0x00000000, sa_flags=0x00000000


---------------  S Y S T E M  ---------------

OS:Ubuntu 12.04 (precise)
uname:Linux 3.2.0-23-generic #36-Ubuntu SMP Tue Apr 10 20:39:51 UTC 2012 x86_64
libc:glibc 2.15 NPTL 2.15 
rlimit: STACK 8192k, CORE 0k, NPROC 7822, NOFILE 4096, AS infinity
load average:2.00 1.42 1.08

/proc/meminfo:
MemTotal:        1019352 kB
MemFree:           50960 kB
Buffers:             244 kB
Cached:            21564 kB
SwapCached:        14012 kB
Active:           446060 kB
Inactive:         466988 kB
Active(anon):     444088 kB
Inactive(anon):   447336 kB
Active(file):       1972 kB
Inactive(file):    19652 kB
Unevictable:           0 kB
Mlocked:               0 kB
SwapTotal:        786428 kB
SwapFree:         457692 kB
Dirty:               496 kB
Writeback:             0 kB
AnonPages:        881048 kB
Mapped:             9984 kB
Shmem:               208 kB
Slab:              25764 kB
SReclaimable:      12552 kB
SUnreclaim:        13212 kB
KernelStack:        2592 kB
PageTables:         7752 kB
NFS_Unstable:          0 kB
Bounce:                0 kB
WritebackTmp:          0 kB
CommitLimit:     1296104 kB
Committed_AS:    2231696 kB
VmallocTotal:   34359738367 kB
VmallocUsed:       24996 kB
VmallocChunk:   34359710524 kB
HardwareCorrupted:     0 kB
AnonHugePages:         0 kB
HugePages_Total:       0
HugePages_Free:        0
HugePages_Rsvd:        0
HugePages_Surp:        0
Hugepagesize:       2048 kB
DirectMap4k:       44992 kB
DirectMap2M:     1003520 kB


CPU:total 2 (2 cores per cpu, 1 threads per core) family 6 model 58 stepping 9, cmov, cx8, fxsr, mmx, sse, sse2, sse3, ssse3, tsc

/proc/cpuinfo:
processor	: 0
vendor_id	: GenuineIntel
cpu family	: 6
model		: 58
model name	: Intel(R) Core(TM) i5-3437U CPU @ 1.90GHz
stepping	: 9
microcode	: 0x19
cpu MHz		: 2369.439
cache size	: 6144 KB
physical id	: 0
siblings	: 2
core id		: 0
cpu cores	: 2
apicid		: 0
initial apicid	: 0
fpu		: yes
fpu_exception	: yes
cpuid level	: 5
wp		: yes
flags		: fpu vme de pse tsc msr pae mce cx8 apic sep mtrr pge mca cmov pat pse36 clflush mmx fxsr sse sse2 ht syscall nx rdtscp lm constant_tsc rep_good nopl pni ssse3 lahf_lm
bogomips	: 4738.87
clflush size	: 64
cache_alignment	: 64
address sizes	: 36 bits physical, 48 bits virtual
power management:

processor	: 1
vendor_id	: GenuineIntel
cpu family	: 6
model		: 58
model name	: Intel(R) Core(TM) i5-3437U CPU @ 1.90GHz
stepping	: 9
microcode	: 0x19
cpu MHz		: 2369.439
cache size	: 6144 KB
physical id	: 0
siblings	: 2
core id		: 1
cpu cores	: 2
apicid		: 1
initial apicid	: 1
fpu		: yes
fpu_exception	: yes
cpuid level	: 5
wp		: yes
flags		: fpu vme de pse tsc msr pae mce cx8 apic sep mtrr pge mca cmov pat pse36 clflush mmx fxsr sse sse2 ht syscall nx rdtscp lm constant_tsc rep_good nopl pni ssse3 lahf_lm
bogomips	: 4642.41
clflush size	: 64
cache_alignment	: 64
address sizes	: 36 bits physical, 48 bits virtual
power management:



Memory: 4k page, physical 1019352k(50960k free), swap 786428k(457692k free)

vm_info: OpenJDK 64-Bit Server VM (24.75-b04) for linux-amd64 JRE (1.7.0_75-b13), built on Jan 27 2015 16:25:00 by "buildd" with gcc 4.6.3

time: Thu Apr 16 20:59:14 2015
elapsed time: 0 seconds

